-----------------------------
AFEM LOGGING FILE INITIALIZED
-----------------------------
INFO: Creating part: fc spar
INFO: Creating part: rc spar
INFO: Creating part: root rib
INFO: Creating part: kink rib
INFO: Creating part: tip rib
INFO: Creating part: inbd fspar
INFO: Creating part: inbd rspar
INFO: Creating part: outbd fspar
INFO: Creating part: outbd rspar
INFO: Creating part: jury rib
INFO: Creating part: inbd rib 1
INFO: Creating part: inbd rib 2
INFO: Creating part: inbd rib 3
INFO: Creating part: inbd rib 4
INFO: Creating part: inbd rib 5
INFO: Creating part: inbd rib 6
INFO: Creating part: mid rib 1
INFO: Creating part: mid rib 2
INFO: Creating part: mid rib 3
INFO: Creating part: mid rib 4
INFO: Creating part: outbd rib 1
INFO: Creating part: outbd rib 2
INFO: Creating part: outbd rib 3
INFO: Creating part: outbd rib 4
INFO: Creating part: outbd rib 5
INFO: Creating part: outbd rib 6
INFO: Creating part: outbd rib 7
INFO: Found joint between inbd rib 6 and inbd fspar.
INFO: Found joint between inbd rib 6 and inbd rspar.
INFO: Found joint between inbd rib 3 and inbd fspar.
INFO: Found joint between inbd rib 3 and inbd rspar.
INFO: Found joint between outbd fspar and outbd rib 5.
INFO: Found joint between outbd fspar and tip rib.
INFO: Found joint between outbd fspar and inbd fspar.
INFO: Found joint between outbd fspar and outbd rib 1.
INFO: Found joint between outbd fspar and outbd rib 6.
INFO: Found joint between outbd fspar and outbd rib 4.
INFO: Found joint between outbd fspar and outbd rib 2.
INFO: Found joint between outbd fspar and kink rib.
INFO: Found joint between outbd fspar and outbd rib 3.
INFO: Found joint between outbd fspar and outbd rib 7.
INFO: Found joint between outbd rib 5 and outbd rspar.
INFO: Found joint between mid rib 4 and inbd fspar.
INFO: Found joint between mid rib 4 and inbd rspar.
INFO: Found joint between tip rib and outbd rspar.
INFO: Found joint between jury rib and inbd fspar.
INFO: Found joint between jury rib and inbd rspar.
INFO: Found joint between inbd rib 4 and inbd fspar.
INFO: Found joint between inbd rib 4 and inbd rspar.
INFO: Found joint between outbd rspar and outbd rib 1.
INFO: Found joint between outbd rspar and outbd rib 6.
INFO: Found joint between outbd rspar and outbd rib 4.
INFO: Found joint between outbd rspar and outbd rib 2.
INFO: Found joint between outbd rspar and kink rib.
INFO: Found joint between outbd rspar and outbd rib 3.
INFO: Found joint between outbd rspar and inbd rspar.
INFO: Found joint between outbd rspar and outbd rib 7.
INFO: Found joint between inbd fspar and mid rib 2.
INFO: Found joint between inbd fspar and mid rib 1.
INFO: Found joint between inbd fspar and kink rib.
INFO: Found joint between inbd fspar and root rib.
INFO: Found joint between inbd fspar and inbd rib 2.
INFO: Found joint between inbd fspar and inbd rib 5.
INFO: Found joint between inbd fspar and fc spar.
INFO: Found joint between inbd fspar and inbd rib 1.
INFO: Found joint between inbd fspar and mid rib 3.
INFO: Found joint between mid rib 2 and inbd rspar.
INFO: Found joint between rc spar and root rib.
INFO: Found joint between rc spar and inbd rspar.
INFO: Found joint between mid rib 1 and inbd rspar.
INFO: Found joint between kink rib and inbd rspar.
INFO: Found joint between root rib and inbd rspar.
INFO: Found joint between root rib and fc spar.
INFO: Found joint between inbd rib 2 and inbd rspar.
INFO: Found joint between inbd rspar and inbd rib 5.
INFO: Found joint between inbd rspar and inbd rib 1.
INFO: Found joint between inbd rspar and mid rib 3.
INFO: Creating part: wing skin
INFO: Creating part: frame 1
INFO: Creating part: frame 2
INFO: Creating part: beam 1
INFO: Creating part: beam 2
INFO: Creating part: main gear spar
INFO: Creating part: gear spar 1
INFO: Creating part: gear spar 2
