# started: Mon Jun 15 07:12:33 2020
# groups: 1
#   0
#     xlabel: "x", ylabel: "a cubic function", yscales: "linear"
#     names: "x^3"
#     plot_kwargs: "{}"
0: 0.0: 0.00000e+00
0: 0.06314759102693052: 2.51808e-04
0: 0.12629518205386103: 2.01447e-03
0: 0.18944277308079155: 6.79883e-03
0: 0.25259036410772207: 1.61157e-02
0: 0.3157379551346526: 3.14761e-02
0: 0.3788855461615831: 5.43906e-02
0: 0.4420331371885136: 8.63703e-02
0: 0.5051807282154441: 1.28926e-01
0: 0.5683283192423747: 1.83568e-01
0: 0.6314759102693052: 2.51808e-01
0: 0.6946235012962356: 3.35157e-01
0: 0.7577710923231662: 4.35125e-01
0: 0.8209186833500968: 5.53223e-01
0: 0.8840662743770272: 6.90962e-01
0: 0.9472138654039577: 8.49854e-01
0: 1.0103614564308883: 1.03141e+00
0: 1.0735090474578188: 1.23714e+00
0: 1.1366566384847494: 1.46855e+00
0: 1.1998042295116798: 1.72715e+00
0: 1.2629518205386103: 2.01447e+00
0: 1.326099411565541: 2.33200e+00
0: 1.3892470025924712: 2.68126e+00
0: 1.4523945936194018: 3.06375e+00
0: 1.5155421846463324: 3.48100e+00
0: 1.578689775673263: 3.93451e+00
0: 1.6418373667001935: 4.42579e+00
0: 1.7049849577271239: 4.95635e+00
0: 1.7681325487540545: 5.52770e+00
0: 1.831280139780985: 6.14136e+00
0: 1.8944277308079154: 6.79883e+00
0: 1.957575321834846: 7.50163e+00
0: 2.0207229128617765: 8.25126e+00
0: 2.083870503888707: 9.04924e+00
0: 2.1470180949156377: 9.89708e+00
# ended: Mon Jun 15 07:12:42 2020
