# started: Mon Jun 15 07:12:33 2020
# groups: 2
#   0
#     xlabel: "angle", ylabel: "", yscales: "linear"
#     names: "sin(x) + i sin(x**2), cos(x)"
#     plot_kwargs: "{}, {}"
#   1
#     xlabel: "", ylabel: "a function", yscales: "log"
#     names: "exp(x)"
#     plot_kwargs: "{}"
0: 0.0: 0.000e+00+0.000e+00j
1: 0.0: 1.000e+00
2: 0: 1.000e+00
0: 0.06314759102693052: 6.311e-02+3.988e-03j
1: 0.06314759102693052: 9.980e-01
2: 1: 1.065e+00
0: 0.12629518205386103: 1.260e-01+1.595e-02j
1: 0.12629518205386103: 9.920e-01
2: 2: 1.135e+00
0: 0.18944277308079155: 1.883e-01+3.588e-02j
1: 0.18944277308079155: 9.821e-01
2: 3: 1.209e+00
0: 0.25259036410772207: 2.499e-01+6.376e-02j
1: 0.25259036410772207: 9.683e-01
2: 4: 1.287e+00
0: 0.3157379551346526: 3.105e-01+9.953e-02j
1: 0.3157379551346526: 9.506e-01
2: 5: 1.371e+00
0: 0.3788855461615831: 3.699e-01+1.431e-01j
1: 0.3788855461615831: 9.291e-01
2: 6: 1.461e+00
0: 0.4420331371885136: 4.278e-01+1.942e-01j
1: 0.4420331371885136: 9.039e-01
2: 7: 1.556e+00
0: 0.5051807282154441: 4.840e-01+2.524e-01j
1: 0.5051807282154441: 8.751e-01
2: 8: 1.657e+00
0: 0.5683283192423747: 5.382e-01+3.174e-01j
1: 0.5683283192423747: 8.428e-01
2: 9: 1.765e+00
0: 0.6314759102693052: 5.903e-01+3.883e-01j
1: 0.6314759102693052: 8.072e-01
2: 10: 1.880e+00
0: 0.6946235012962356: 6.401e-01+4.640e-01j
1: 0.6946235012962356: 7.683e-01
2: 11: 2.003e+00
0: 0.7577710923231662: 6.873e-01+5.432e-01j
1: 0.7577710923231662: 7.264e-01
2: 12: 2.134e+00
0: 0.8209186833500968: 7.318e-01+6.240e-01j
1: 0.8209186833500968: 6.815e-01
2: 13: 2.273e+00
0: 0.8840662743770272: 7.733e-01+7.044e-01j
1: 0.8840662743770272: 6.340e-01
2: 14: 2.421e+00
0: 0.9472138654039577: 8.118e-01+7.816e-01j
1: 0.9472138654039577: 5.839e-01
2: 15: 2.579e+00
0: 1.0103614564308883: 8.470e-01+8.525e-01j
1: 1.0103614564308883: 5.316e-01
2: 16: 2.747e+00
0: 1.0735090474578188: 8.789e-01+9.138e-01j
1: 1.0735090474578188: 4.770e-01
2: 17: 2.926e+00
0: 1.1366566384847494: 9.072e-01+9.614e-01j
1: 1.1366566384847494: 4.206e-01
2: 18: 3.116e+00
0: 1.1998042295116798: 9.320e-01+9.914e-01j
1: 1.1998042295116798: 3.625e-01
2: 19: 3.319e+00
0: 1.2629518205386103: 9.530e-01+9.997e-01j
1: 1.2629518205386103: 3.030e-01
2: 20: 3.536e+00
0: 1.326099411565541: 9.702e-01+9.824e-01j
1: 1.326099411565541: 2.423e-01
2: 21: 3.766e+00
0: 1.3892470025924712: 9.836e-01+9.362e-01j
1: 1.3892470025924712: 1.806e-01
2: 22: 4.012e+00
0: 1.4523945936194018: 9.930e-01+8.584e-01j
1: 1.4523945936194018: 1.181e-01
2: 23: 4.273e+00
0: 1.5155421846463324: 9.985e-01+7.478e-01j
1: 1.5155421846463324: 5.523e-02
2: 24: 4.552e+00
0: 1.578689775673263: 1.000e+00+6.047e-01j
1: 1.578689775673263: -7.893e-03
2: 25: 4.849e+00
0: 1.6418373667001935: 9.975e-01+4.313e-01j
1: 1.6418373667001935: -7.098e-02
2: 26: 5.165e+00
0: 1.7049849577271239: 9.910e-01+2.325e-01j
1: 1.7049849577271239: -1.338e-01
2: 27: 5.501e+00
0: 1.7681325487540545: 9.806e-01+1.530e-02j
1: 1.7681325487540545: -1.961e-01
2: 28: 5.860e+00
0: 1.831280139780985: 9.663e-01-2.104e-01j
1: 1.831280139780985: -2.575e-01
2: 29: 6.242e+00
0: 1.8944277308079154: 9.481e-01-4.325e-01j
1: 1.8944277308079154: -3.180e-01
2: 30: 6.649e+00
0: 1.957575321834846: 9.261e-01-6.369e-01j
1: 1.957575321834846: -3.772e-01
2: 31: 7.082e+00
0: 2.0207229128617765: 9.005e-01-8.086e-01j
1: 2.0207229128617765: -4.349e-01
2: 32: 7.544e+00
0: 2.083870503888707: 8.712e-01-9.324e-01j
1: 2.083870503888707: -4.909e-01
2: 33: 8.036e+00
0: 2.1470180949156377: 8.385e-01-9.947e-01j
1: 2.1470180949156377: -5.449e-01
2: 34: 8.559e+00
# ended: Mon Jun 15 07:12:42 2020
