SUMMARY OF C0NVERGENCE INFORMATION
  STEP   INC  ATT   ITER     CONT.   RESID.        CORR.      RESID.      CORR.
                              EL.    FORCE         DISP       FLUX        TEMP.
                              (#)     (%)           (%)        (%)         (%)
     1     1     1     1        0  0.2414E+04  0.1000E+03  0.0000E+00  0.0000E+00
     1     1     1     2     5376  0.3734E+05  0.1000E+03  0.0000E+00  0.0000E+00
     1     1     1     3     6122  0.3272E+05  0.1000E+03  0.0000E+00  0.0000E+00
     1     1     2     1        0  0.2414E+04  0.1000E+03  0.0000E+00  0.0000E+00
     1     1     2     2     5376  0.7480E+04  0.1000E+03  0.0000E+00  0.0000E+00
     1     1     2     3     5056  0.2279E+04  0.4823E+02  0.0000E+00  0.0000E+00
     1     1     2     4     4994  0.6670E+04  0.8366E+01  0.0000E+00  0.0000E+00
     1     1     2     5     5056  0.5352E+04  0.5312E+01  0.0000E+00  0.0000E+00
     1     1     2     6     5050  0.5725E+04  0.2348E+01  0.0000E+00  0.0000E+00
     1     1     2     7     5068  0.6113E+04  0.2099E+01  0.0000E+00  0.0000E+00
     1     1     3     1        0  0.2414E+04  0.1000E+03  0.0000E+00  0.0000E+00
     1     1     3     2     5376  0.7480E+04  0.1000E+03  0.0000E+00  0.0000E+00
     1     1     3     3     5056  0.2279E+04  0.4823E+02  0.0000E+00  0.0000E+00
     1     1     3     4     4994  0.6670E+04  0.8366E+01  0.0000E+00  0.0000E+00
     1     1     3     5     5056  0.5352E+04  0.5312E+01  0.0000E+00  0.0000E+00
     1     1     3     6     5050  0.5725E+04  0.2348E+01  0.0000E+00  0.0000E+00
     1     1     3     7     5068  0.6113E+04  0.2099E+01  0.0000E+00  0.0000E+00
     1     1     4     1        0  0.2414E+04  0.1000E+03  0.0000E+00  0.0000E+00
     1     1     4     2     5376  0.7480E+04  0.1000E+03  0.0000E+00  0.0000E+00
     1     1     4     3     5056  0.2279E+04  0.4823E+02  0.0000E+00  0.0000E+00
     1     1     4     4     4994  0.6670E+04  0.8366E+01  0.0000E+00  0.0000E+00
     1     1     4     5     5056  0.5352E+04  0.5312E+01  0.0000E+00  0.0000E+00
     1     1     4     6     5050  0.5725E+04  0.2348E+01  0.0000E+00  0.0000E+00
     1     1     4     7     5068  0.6113E+04  0.2099E+01  0.0000E+00  0.0000E+00
     1     1     5     1        0  0.2414E+04  0.1000E+03  0.0000E+00  0.0000E+00
     1     1     5     2     5376  0.7480E+04  0.1000E+03  0.0000E+00  0.0000E+00
     1     1     5     3     5056  0.2279E+04  0.4823E+02  0.0000E+00  0.0000E+00
     1     1     5     4     4994  0.6670E+04  0.8366E+01  0.0000E+00  0.0000E+00
     1     1     5     5     5056  0.5352E+04  0.5312E+01  0.0000E+00  0.0000E+00
     1     1     5     6     5050  0.5725E+04  0.2348E+01  0.0000E+00  0.0000E+00
     1     1     5     7     5068  0.6113E+04  0.2099E+01  0.0000E+00  0.0000E+00
     1     1     6     1        0  0.2414E+04  0.1000E+03  0.0000E+00  0.0000E+00
     1     1     6     2     5376  0.7480E+04  0.1000E+03  0.0000E+00  0.0000E+00
     1     1     6     3     5056  0.2279E+04  0.4823E+02  0.0000E+00  0.0000E+00
     1     1     6     4     4994  0.6670E+04  0.8366E+01  0.0000E+00  0.0000E+00
     1     1     6     5     5056  0.5352E+04  0.5312E+01  0.0000E+00  0.0000E+00
     1     1     6     6     5050  0.5725E+04  0.2348E+01  0.0000E+00  0.0000E+00
     1     1     6     7     5068  0.6113E+04  0.2099E+01  0.0000E+00  0.0000E+00
