    1C
    1UUSER                                                              
    1UDATE              03.april.2020                                   
    1UTIME              21:19:53                                        
    1UHOST                                                              
    1UPGM               CalculiX                                        
    1UVERSION           Version 2.16                             
    1UCOMPILETIME       Mo 25. Nov 18:56:47 CET 2019                    
    1UDIR                                                               
    1UDBN                                                               
    1UMAT    1STEEL                                                     
    1UMAT    2SI0                                                       
    2C                           400                                     1
 -1         1 0.00000E+00 1.05430E-01 0.00000E+00
 -1         3 1.05430E-01 0.00000E+00 0.00000E+00
 -1         4 1.14300E-01 0.00000E+00 0.00000E+00
 -1         5 0.00000E+00 1.14300E-01 0.00000E+00
 -1         6 1.14300E-01 0.00000E+00 0.00000E+00
 -1         7 1.23170E-01 0.00000E+00 0.00000E+00
 -1         8 1.23170E-01 1.14300E-01 0.00000E+00
 -1         9 1.14300E-01 1.14300E-01 0.00000E+00
 -1        10 8.27200E-03 1.05105E-01 0.00000E+00
 -1        11 1.64930E-02 1.04132E-01 0.00000E+00
 -1        12 2.46120E-02 1.02517E-01 0.00000E+00
 -1        13 3.25800E-02 1.00270E-01 0.00000E+00
 -1        14 4.03460E-02 9.74050E-02 0.00000E+00
 -1        15 4.78640E-02 9.39390E-02 0.00000E+00
 -1        16 5.50870E-02 8.98940E-02 0.00000E+00
 -1        17 6.19700E-02 8.52950E-02 0.00000E+00
 -1        18 6.84710E-02 8.01700E-02 0.00000E+00
 -1        19 7.45500E-02 7.45500E-02 0.00000E+00
 -1        20 8.01700E-02 6.84710E-02 0.00000E+00
 -1        21 8.52950E-02 6.19700E-02 0.00000E+00
 -1        22 8.98940E-02 5.50870E-02 0.00000E+00
 -1        23 9.39390E-02 4.78640E-02 0.00000E+00
 -1        24 9.74050E-02 4.03460E-02 0.00000E+00
 -1        25 1.00270E-01 3.25800E-02 0.00000E+00
 -1        26 1.02517E-01 2.46120E-02 0.00000E+00
 -1        27 1.04132E-01 1.64930E-02 0.00000E+00
 -1        28 1.05105E-01 8.27200E-03 0.00000E+00
 -1        29 4.13900E-03 1.05349E-01 0.00000E+00
 -1        30 1.23920E-02 1.04699E-01 0.00000E+00
 -1        31 2.05680E-02 1.03404E-01 0.00000E+00
 -1        32 2.86180E-02 1.01472E-01 0.00000E+00
 -1        33 3.64910E-02 9.89140E-02 0.00000E+00
 -1        34 4.41390E-02 9.57460E-02 0.00000E+00
 -1        35 5.15150E-02 9.19870E-02 0.00000E+00
 -1        36 5.85740E-02 8.76620E-02 0.00000E+00
 -1        37 6.52710E-02 8.27960E-02 0.00000E+00
 -1        38 7.15660E-02 7.74200E-02 0.00000E+00
 -1        39 7.74200E-02 7.15660E-02 0.00000E+00
 -1        40 8.27960E-02 6.52710E-02 0.00000E+00
 -1        41 8.76620E-02 5.85740E-02 0.00000E+00
 -1        42 9.19870E-02 5.15150E-02 0.00000E+00
 -1        43 9.57460E-02 4.41390E-02 0.00000E+00
 -1        44 9.89140E-02 3.64910E-02 0.00000E+00
 -1        45 1.01472E-01 2.86180E-02 0.00000E+00
 -1        46 1.03404E-01 2.05680E-02 0.00000E+00
 -1        47 1.04699E-01 1.23920E-02 0.00000E+00
 -1        48 1.05349E-01 4.13900E-03 0.00000E+00
 -1        49 1.07647E-01 0.00000E+00 0.00000E+00
 -1        50 1.09865E-01 0.00000E+00 0.00000E+00
 -1        51 1.12082E-01 0.00000E+00 0.00000E+00
 -1        52 1.06539E-01 0.00000E+00 0.00000E+00
 -1        53 1.08756E-01 0.00000E+00 0.00000E+00
 -1        54 1.10974E-01 0.00000E+00 0.00000E+00
 -1        55 1.13191E-01 0.00000E+00 0.00000E+00
 -1        56 1.14055E-01 7.47600E-03 0.00000E+00
 -1        57 1.13322E-01 1.49190E-02 0.00000E+00
 -1        58 1.12104E-01 2.22990E-02 0.00000E+00
 -1        59 1.10405E-01 2.95830E-02 0.00000E+00
 -1        60 1.08234E-01 3.67410E-02 0.00000E+00
 -1        61 1.05599E-01 4.37410E-02 0.00000E+00
 -1        62 1.02513E-01 5.05540E-02 0.00000E+00
 -1        63 9.89870E-02 5.71500E-02 0.00000E+00
 -1        64 9.50370E-02 6.35020E-02 0.00000E+00
 -1        65 9.06800E-02 6.95810E-02 0.00000E+00
 -1        66 8.59350E-02 7.53630E-02 0.00000E+00
 -1        67 8.08220E-02 8.08220E-02 0.00000E+00
 -1        68 7.53630E-02 8.59350E-02 0.00000E+00
 -1        69 6.95810E-02 9.06800E-02 0.00000E+00
 -1        70 6.35020E-02 9.50370E-02 0.00000E+00
 -1        71 5.71500E-02 9.89870E-02 0.00000E+00
 -1        72 5.05540E-02 1.02513E-01 0.00000E+00
 -1        73 4.37410E-02 1.05599E-01 0.00000E+00
 -1        74 3.67410E-02 1.08234E-01 0.00000E+00
 -1        75 2.95830E-02 1.10405E-01 0.00000E+00
 -1        76 2.22990E-02 1.12104E-01 0.00000E+00
 -1        77 1.49190E-02 1.13322E-01 0.00000E+00
 -1        78 7.47600E-03 1.14055E-01 0.00000E+00
 -1        79 1.14239E-01 3.74000E-03 0.00000E+00
 -1        80 1.13750E-01 1.12030E-02 0.00000E+00
 -1        81 1.12773E-01 1.86190E-02 0.00000E+00
 -1        82 1.11314E-01 2.59550E-02 0.00000E+00
 -1        83 1.09378E-01 3.31800E-02 0.00000E+00
 -1        84 1.06974E-01 4.02620E-02 0.00000E+00
 -1        85 1.04112E-01 4.71720E-02 0.00000E+00
 -1        86 1.00804E-01 5.38810E-02 0.00000E+00
 -1        87 9.70640E-02 6.03580E-02 0.00000E+00
 -1        88 9.29080E-02 6.65770E-02 0.00000E+00
 -1        89 8.83550E-02 7.25110E-02 0.00000E+00
 -1        90 8.34230E-02 7.81350E-02 0.00000E+00
 -1        91 7.81350E-02 8.34230E-02 0.00000E+00
 -1        92 7.25110E-02 8.83550E-02 0.00000E+00
 -1        93 6.65770E-02 9.29080E-02 0.00000E+00
 -1        94 6.03580E-02 9.70640E-02 0.00000E+00
 -1        95 5.38810E-02 1.00804E-01 0.00000E+00
 -1        96 4.71720E-02 1.04112E-01 0.00000E+00
 -1        97 4.02620E-02 1.06974E-01 0.00000E+00
 -1        98 3.31800E-02 1.09378E-01 0.00000E+00
 -1        99 2.59550E-02 1.11314E-01 0.00000E+00
 -1       100 1.86190E-02 1.12773E-01 0.00000E+00
 -1       101 1.12030E-02 1.13750E-01 0.00000E+00
 -1       102 3.74000E-03 1.14239E-01 0.00000E+00
 -1       103 0.00000E+00 1.12083E-01 0.00000E+00
 -1       104 0.00000E+00 1.09865E-01 0.00000E+00
 -1       105 0.00000E+00 1.07648E-01 0.00000E+00
 -1       106 0.00000E+00 1.13191E-01 0.00000E+00
 -1       107 0.00000E+00 1.10974E-01 0.00000E+00
 -1       108 0.00000E+00 1.08756E-01 0.00000E+00
 -1       109 0.00000E+00 1.06539E-01 0.00000E+00
 -1       110 1.16517E-01 0.00000E+00 0.00000E+00
 -1       111 1.18735E-01 0.00000E+00 0.00000E+00
 -1       112 1.20952E-01 0.00000E+00 0.00000E+00
 -1       113 1.15409E-01 0.00000E+00 0.00000E+00
 -1       114 1.17626E-01 0.00000E+00 0.00000E+00
 -1       115 1.19844E-01 0.00000E+00 0.00000E+00
 -1       116 1.22061E-01 0.00000E+00 0.00000E+00
 -1       117 1.23170E-01 7.14400E-03 0.00000E+00
 -1       118 1.23170E-01 1.42870E-02 0.00000E+00
 -1       119 1.23170E-01 2.14310E-02 0.00000E+00
 -1       120 1.23170E-01 2.85750E-02 0.00000E+00
 -1       121 1.23170E-01 3.57190E-02 0.00000E+00
 -1       122 1.23170E-01 4.28620E-02 0.00000E+00
 -1       123 1.23170E-01 5.00060E-02 0.00000E+00
 -1       124 1.23170E-01 5.71500E-02 0.00000E+00
 -1       125 1.23170E-01 6.42940E-02 0.00000E+00
 -1       126 1.23170E-01 7.14370E-02 0.00000E+00
 -1       127 1.23170E-01 7.85810E-02 0.00000E+00
 -1       128 1.23170E-01 8.57250E-02 0.00000E+00
 -1       129 1.23170E-01 9.28690E-02 0.00000E+00
 -1       130 1.23170E-01 1.00012E-01 0.00000E+00
 -1       131 1.23170E-01 1.07156E-01 0.00000E+00
 -1       132 1.23170E-01 3.57200E-03 0.00000E+00
 -1       133 1.23170E-01 1.07160E-02 0.00000E+00
 -1       134 1.23170E-01 1.78590E-02 0.00000E+00
 -1       135 1.23170E-01 2.50030E-02 0.00000E+00
 -1       136 1.23170E-01 3.21470E-02 0.00000E+00
 -1       137 1.23170E-01 3.92910E-02 0.00000E+00
 -1       138 1.23170E-01 4.64340E-02 0.00000E+00
 -1       139 1.23170E-01 5.35780E-02 0.00000E+00
 -1       140 1.23170E-01 6.07220E-02 0.00000E+00
 -1       141 1.23170E-01 6.78660E-02 0.00000E+00
 -1       142 1.23170E-01 7.50090E-02 0.00000E+00
 -1       143 1.23170E-01 8.21530E-02 0.00000E+00
 -1       144 1.23170E-01 8.92970E-02 0.00000E+00
 -1       145 1.23170E-01 9.64410E-02 0.00000E+00
 -1       146 1.23170E-01 1.03584E-01 0.00000E+00
 -1       147 1.23170E-01 1.10728E-01 0.00000E+00
 -1       148 1.20953E-01 1.14300E-01 0.00000E+00
 -1       149 1.18735E-01 1.14300E-01 0.00000E+00
 -1       150 1.16518E-01 1.14300E-01 0.00000E+00
 -1       151 1.22061E-01 1.14300E-01 0.00000E+00
 -1       152 1.19844E-01 1.14300E-01 0.00000E+00
 -1       153 1.17626E-01 1.14300E-01 0.00000E+00
 -1       154 1.15409E-01 1.14300E-01 0.00000E+00
 -1       155 1.14300E-01 1.07156E-01 0.00000E+00
 -1       156 1.14300E-01 1.00013E-01 0.00000E+00
 -1       157 1.14300E-01 9.28690E-02 0.00000E+00
 -1       158 1.14300E-01 8.57250E-02 0.00000E+00
 -1       159 1.14300E-01 7.85810E-02 0.00000E+00
 -1       160 1.14300E-01 7.14380E-02 0.00000E+00
 -1       161 1.14300E-01 6.42940E-02 0.00000E+00
 -1       162 1.14300E-01 5.71500E-02 0.00000E+00
 -1       163 1.14300E-01 5.00060E-02 0.00000E+00
 -1       164 1.14300E-01 4.28630E-02 0.00000E+00
 -1       165 1.14300E-01 3.57190E-02 0.00000E+00
 -1       166 1.14300E-01 2.85750E-02 0.00000E+00
 -1       167 1.14300E-01 2.14310E-02 0.00000E+00
 -1       168 1.14300E-01 1.42880E-02 0.00000E+00
 -1       169 1.14300E-01 7.14400E-03 0.00000E+00
 -1       170 1.14300E-01 1.10728E-01 0.00000E+00
 -1       171 1.14300E-01 1.03584E-01 0.00000E+00
 -1       172 1.14300E-01 9.64410E-02 0.00000E+00
 -1       173 1.14300E-01 8.92970E-02 0.00000E+00
 -1       174 1.14300E-01 8.21530E-02 0.00000E+00
 -1       175 1.14300E-01 7.50090E-02 0.00000E+00
 -1       176 1.14300E-01 6.78660E-02 0.00000E+00
 -1       177 1.14300E-01 6.07220E-02 0.00000E+00
 -1       178 1.14300E-01 5.35780E-02 0.00000E+00
 -1       179 1.14300E-01 4.64340E-02 0.00000E+00
 -1       180 1.14300E-01 3.92910E-02 0.00000E+00
 -1       181 1.14300E-01 3.21470E-02 0.00000E+00
 -1       182 1.14300E-01 2.50030E-02 0.00000E+00
 -1       183 1.14300E-01 1.78590E-02 0.00000E+00
 -1       184 1.14300E-01 1.07160E-02 0.00000E+00
 -1       185 1.14300E-01 3.57200E-03 0.00000E+00
 -1       186 1.01970E-02 1.09408E-01 0.00000E+00
 -1       187 1.11594E-01 7.46000E-03 0.00000E+00
 -1       188 1.09376E-01 7.46000E-03 0.00000E+00
 -1       189 5.25070E-02 9.64630E-02 0.00000E+00
 -1       190 3.81600E-02 1.02935E-01 0.00000E+00
 -1       191 4.54500E-02 9.99590E-02 0.00000E+00
 -1       192 1.02935E-01 3.81600E-02 0.00000E+00
 -1       193 9.64630E-02 5.25070E-02 0.00000E+00
 -1       194 9.99590E-02 4.54500E-02 0.00000E+00
 -1       195 1.33450E-02 1.06770E-01 0.00000E+00
 -1       196 5.09800E-03 1.09636E-01 0.00000E+00
 -1       197 6.68500E-03 1.07371E-01 0.00000E+00
 -1       198 1.25580E-02 1.11365E-01 0.00000E+00
 -1       199 6.28700E-03 1.11846E-01 0.00000E+00
 -1       200 2.30380E-02 1.07269E-01 0.00000E+00
 -1       201 3.06760E-02 1.05376E-01 0.00000E+00
 -1       202 1.78220E-02 1.09437E-01 0.00000E+00
 -1       203 6.57760E-02 8.79870E-02 0.00000E+00
 -1       204 5.92940E-02 9.24650E-02 0.00000E+00
 -1       205 8.79870E-02 6.57760E-02 0.00000E+00
 -1       206 7.76860E-02 7.76860E-02 0.00000E+00
 -1       207 8.30520E-02 7.19170E-02 0.00000E+00
 -1       208 7.19170E-02 8.30520E-02 0.00000E+00
 -1       209 9.24650E-02 5.92940E-02 0.00000E+00
 -1       210 1.07269E-01 2.30380E-02 0.00000E+00
 -1       211 1.05376E-01 3.06760E-02 0.00000E+00
 -1       212 1.08604E-01 1.52850E-02 0.00000E+00
 -1       213 1.09539E-01 4.97300E-03 0.00000E+00
 -1       214 1.12536E-01 4.97600E-03 0.00000E+00
 -1       215 4.28980E-02 9.86820E-02 0.00000E+00
 -1       216 4.18050E-02 1.01447E-01 0.00000E+00
 -1       217 3.53700E-02 1.01602E-01 0.00000E+00
 -1       218 5.01860E-02 9.52010E-02 0.00000E+00
 -1       219 4.89790E-02 9.82110E-02 0.00000E+00
 -1       220 5.48290E-02 9.77250E-02 0.00000E+00
 -1       221 4.80020E-02 1.01236E-01 0.00000E+00
 -1       222 4.09500E-02 1.04267E-01 0.00000E+00
 -1       223 1.01602E-01 3.53700E-02 0.00000E+00
 -1       224 1.01447E-01 4.18050E-02 0.00000E+00
 -1       225 9.86820E-02 4.28980E-02 0.00000E+00
 -1       226 1.04267E-01 4.09500E-02 0.00000E+00
 -1       227 1.01236E-01 4.80020E-02 0.00000E+00
 -1       228 9.77250E-02 5.48290E-02 0.00000E+00
 -1       229 9.82110E-02 4.89790E-02 0.00000E+00
 -1       230 9.52010E-02 5.01860E-02 0.00000E+00
 -1       231 3.34300E-03 1.07509E-01 0.00000E+00
 -1       232 5.89200E-03 1.08503E-01 0.00000E+00
 -1       233 2.54900E-03 1.09751E-01 0.00000E+00
 -1       234 7.47900E-03 1.06238E-01 0.00000E+00
 -1       235 1.49190E-02 1.05451E-01 0.00000E+00
 -1       236 1.00150E-02 1.07070E-01 0.00000E+00
 -1       237 1.17710E-02 1.08089E-01 0.00000E+00
 -1       238 7.64800E-03 1.09522E-01 0.00000E+00
 -1       239 5.69300E-03 1.10741E-01 0.00000E+00
 -1       240 3.14300E-03 1.11964E-01 0.00000E+00
 -1       241 1.13770E-02 1.10386E-01 0.00000E+00
 -1       242 9.42200E-03 1.11605E-01 0.00000E+00
 -1       243 1.37390E-02 1.12344E-01 0.00000E+00
 -1       244 6.88100E-03 1.12951E-01 0.00000E+00
 -1       245 3.37080E-02 1.06805E-01 0.00000E+00
 -1       246 3.44180E-02 1.04155E-01 0.00000E+00
 -1       247 2.63100E-02 1.08837E-01 0.00000E+00
 -1       248 2.68570E-02 1.06322E-01 0.00000E+00
 -1       249 1.97650E-02 1.05700E-01 0.00000E+00
 -1       250 2.76440E-02 1.03946E-01 0.00000E+00
 -1       251 1.55830E-02 1.08103E-01 0.00000E+00
 -1       252 1.51900E-02 1.10401E-01 0.00000E+00
 -1       253 2.04300E-02 1.08353E-01 0.00000E+00
 -1       254 2.00600E-02 1.10770E-01 0.00000E+00
 -1       255 5.71910E-02 9.11800E-02 0.00000E+00
 -1       256 5.59010E-02 9.44640E-02 0.00000E+00
 -1       257 6.38730E-02 8.66410E-02 0.00000E+00
 -1       258 6.25350E-02 9.02260E-02 0.00000E+00
 -1       259 6.76790E-02 8.93340E-02 0.00000E+00
 -1       260 6.13980E-02 9.37510E-02 0.00000E+00
 -1       261 8.66410E-02 6.38730E-02 0.00000E+00
 -1       262 8.55200E-02 6.88470E-02 0.00000E+00
 -1       263 8.16110E-02 7.01940E-02 0.00000E+00
 -1       264 8.93340E-02 6.76790E-02 0.00000E+00
 -1       265 8.44940E-02 7.36400E-02 0.00000E+00
 -1       266 7.92540E-02 7.92540E-02 0.00000E+00
 -1       267 8.03690E-02 7.48020E-02 0.00000E+00
 -1       268 7.61180E-02 7.61180E-02 0.00000E+00
 -1       269 7.01940E-02 8.16110E-02 0.00000E+00
 -1       270 6.88470E-02 8.55200E-02 0.00000E+00
 -1       271 7.48020E-02 8.03690E-02 0.00000E+00
 -1       272 7.36400E-02 8.44940E-02 0.00000E+00
 -1       273 9.44640E-02 5.59010E-02 0.00000E+00
 -1       274 9.11800E-02 5.71910E-02 0.00000E+00
 -1       275 9.37510E-02 6.13980E-02 0.00000E+00
 -1       276 9.02260E-02 6.25350E-02 0.00000E+00
 -1       277 1.04155E-01 3.44180E-02 0.00000E+00
 -1       278 1.06805E-01 3.37080E-02 0.00000E+00
 -1       279 1.03946E-01 2.76440E-02 0.00000E+00
 -1       280 1.05700E-01 1.97650E-02 0.00000E+00
 -1       281 1.06322E-01 2.68570E-02 0.00000E+00
 -1       282 1.08837E-01 2.63100E-02 0.00000E+00
 -1       283 1.07403E-01 3.73000E-03 0.00000E+00
 -1       284 1.08990E-01 1.13720E-02 0.00000E+00
 -1       285 1.06855E-01 1.17790E-02 0.00000E+00
 -1       286 1.11349E-01 1.11890E-02 0.00000E+00
 -1       287 1.10354E-01 1.87920E-02 0.00000E+00
 -1       288 1.07937E-01 1.91620E-02 0.00000E+00
 -1       289 1.10729E-01 3.73000E-03 0.00000E+00
 -1       290 1.10566E-01 6.21600E-03 0.00000E+00
 -1       291 1.08593E-01 2.48700E-03 0.00000E+00
 -1       292 1.12458E-01 1.11890E-02 0.00000E+00
 -1       293 1.09458E-01 6.21600E-03 0.00000E+00
 -1       294 1.12065E-01 6.21800E-03 0.00000E+00
 -1       295 1.13296E-01 6.22600E-03 0.00000E+00
 -1       296 1.12309E-01 2.48800E-03 0.00000E+00
 -1       297 1.18268E-01 9.46400E-03 0.00000E+00
 -1       298 1.16518E-01 1.07156E-01 0.00000E+00
 -1       299 1.18735E-01 9.28690E-02 0.00000E+00
 -1       300 1.18735E-01 1.00013E-01 0.00000E+00
 -1       301 1.18735E-01 3.57190E-02 0.00000E+00
 -1       302 1.18735E-01 2.85750E-02 0.00000E+00
 -1       303 1.18735E-01 2.14310E-02 0.00000E+00
 -1       304 1.18735E-01 4.28620E-02 0.00000E+00
 -1       305 1.18735E-01 5.00060E-02 0.00000E+00
 -1       306 1.18735E-01 7.85810E-02 0.00000E+00
 -1       307 1.18735E-01 7.14380E-02 0.00000E+00
 -1       308 1.18735E-01 6.42940E-02 0.00000E+00
 -1       309 1.18501E-01 4.73200E-03 0.00000E+00
 -1       310 1.16284E-01 1.18760E-02 0.00000E+00
 -1       311 1.16401E-01 5.93800E-03 0.00000E+00
 -1       312 1.20719E-01 1.18760E-02 0.00000E+00
 -1       313 1.20836E-01 5.93800E-03 0.00000E+00
 -1       314 1.19844E-01 1.07156E-01 0.00000E+00
 -1       315 1.17509E-01 1.66530E-02 0.00000E+00
 -1       316 1.18735E-01 5.71500E-02 0.00000E+00
 -1       317 1.18735E-01 8.57250E-02 0.00000E+00
 -1       318 1.15778E-01 1.09538E-01 0.00000E+00
 -1       319 1.17257E-01 9.52500E-02 0.00000E+00
 -1       320 1.20213E-01 3.33370E-02 0.00000E+00
 -1       321 1.20213E-01 2.38120E-02 0.00000E+00
 -1       322 1.17257E-01 3.81000E-02 0.00000E+00
 -1       323 1.17257E-01 4.76250E-02 0.00000E+00
 -1       324 1.20213E-01 7.62000E-02 0.00000E+00
 -1       325 1.20213E-01 6.66750E-02 0.00000E+00
 -1       326 1.18618E-01 2.36600E-03 0.00000E+00
 -1       327 1.17451E-01 5.33500E-03 0.00000E+00
 -1       328 1.16459E-01 2.96900E-03 0.00000E+00
 -1       329 1.18385E-01 7.09800E-03 0.00000E+00
 -1       330 1.17276E-01 1.06700E-02 0.00000E+00
 -1       331 1.16342E-01 8.90700E-03 0.00000E+00
 -1       332 1.15292E-01 1.30820E-02 0.00000E+00
 -1       333 1.15350E-01 6.54100E-03 0.00000E+00
 -1       334 1.20894E-01 2.96900E-03 0.00000E+00
 -1       335 1.19669E-01 5.33500E-03 0.00000E+00
 -1       336 1.22003E-01 6.54100E-03 0.00000E+00
 -1       337 1.21944E-01 1.30820E-02 0.00000E+00
 -1       338 1.20777E-01 8.90700E-03 0.00000E+00
 -1       339 1.19493E-01 1.06700E-02 0.00000E+00
 -1       340 1.16517E-01 1.00013E-01 0.00000E+00
 -1       341 1.19289E-01 1.03584E-01 0.00000E+00
 -1       342 1.18181E-01 1.07156E-01 0.00000E+00
 -1       343 1.15409E-01 1.03584E-01 0.00000E+00
 -1       344 1.20953E-01 1.00012E-01 0.00000E+00
 -1       345 1.21507E-01 1.07156E-01 0.00000E+00
 -1       346 1.20398E-01 1.10728E-01 0.00000E+00
 -1       347 1.17626E-01 1.10728E-01 0.00000E+00
 -1       348 1.19114E-01 1.42640E-02 0.00000E+00
 -1       349 1.16897E-01 1.42640E-02 0.00000E+00
 -1       350 1.20953E-01 1.78590E-02 0.00000E+00
 -1       351 1.18122E-01 1.90420E-02 0.00000E+00
 -1       352 1.16517E-01 2.50030E-02 0.00000E+00
 -1       353 1.15905E-01 1.90420E-02 0.00000E+00
 -1       354 1.20953E-01 5.35780E-02 0.00000E+00
 -1       355 1.18735E-01 5.35780E-02 0.00000E+00
 -1       356 1.20953E-01 4.64340E-02 0.00000E+00
 -1       357 1.20953E-01 6.07220E-02 0.00000E+00
 -1       358 1.18735E-01 6.07220E-02 0.00000E+00
 -1       359 1.16517E-01 6.78660E-02 0.00000E+00
 -1       360 1.16517E-01 6.07220E-02 0.00000E+00
 -1       361 1.16517E-01 5.35780E-02 0.00000E+00
 -1       362 1.20953E-01 9.64410E-02 0.00000E+00
 -1       363 1.18735E-01 8.92970E-02 0.00000E+00
 -1       364 1.20953E-01 8.92970E-02 0.00000E+00
 -1       365 1.16517E-01 8.92970E-02 0.00000E+00
 -1       366 1.16517E-01 8.21530E-02 0.00000E+00
 -1       367 1.16517E-01 7.50090E-02 0.00000E+00
 -1       368 1.18735E-01 8.21530E-02 0.00000E+00
 -1       369 1.20953E-01 8.21530E-02 0.00000E+00
 -1       370 1.16148E-01 1.08347E-01 0.00000E+00
 -1       371 1.15039E-01 1.08347E-01 0.00000E+00
 -1       372 1.16148E-01 1.11919E-01 0.00000E+00
 -1       373 1.17996E-01 9.40590E-02 0.00000E+00
 -1       374 1.15778E-01 9.40590E-02 0.00000E+00
 -1       375 1.17996E-01 9.76310E-02 0.00000E+00
 -1       376 1.21692E-01 3.45280E-02 0.00000E+00
 -1       377 1.19474E-01 3.09560E-02 0.00000E+00
 -1       378 1.20953E-01 2.85750E-02 0.00000E+00
 -1       379 1.20953E-01 3.92910E-02 0.00000E+00
 -1       380 1.19474E-01 3.45280E-02 0.00000E+00
 -1       381 1.16517E-01 3.21470E-02 0.00000E+00
 -1       382 1.16517E-01 2.85750E-02 0.00000E+00
 -1       383 1.19474E-01 2.26220E-02 0.00000E+00
 -1       384 1.19474E-01 2.61940E-02 0.00000E+00
 -1       385 1.21692E-01 2.26220E-02 0.00000E+00
 -1       386 1.15778E-01 3.69090E-02 0.00000E+00
 -1       387 1.17996E-01 4.04810E-02 0.00000E+00
 -1       388 1.16517E-01 4.28630E-02 0.00000E+00
 -1       389 1.17996E-01 3.69090E-02 0.00000E+00
 -1       390 1.20953E-01 4.28620E-02 0.00000E+00
 -1       391 1.17996E-01 4.88160E-02 0.00000E+00
 -1       392 1.17996E-01 4.52440E-02 0.00000E+00
 -1       393 1.15778E-01 4.88160E-02 0.00000E+00
 -1       394 1.21692E-01 7.73910E-02 0.00000E+00
 -1       395 1.19474E-01 7.38190E-02 0.00000E+00
 -1       396 1.20953E-01 7.14370E-02 0.00000E+00
 -1       397 1.19474E-01 7.73910E-02 0.00000E+00
 -1       398 1.16517E-01 7.14380E-02 0.00000E+00
 -1       399 1.19474E-01 6.54840E-02 0.00000E+00
 -1       400 1.19474E-01 6.90560E-02 0.00000E+00
 -1       401 1.21692E-01 6.54840E-02 0.00000E+00
 -3
    3C                           102                                     1
 -1         1   10    0    1
 -2        13        14       191       190        33       215       216       217
 -1         2   10    0    1
 -2        14        15       189       191        34       218       219       215
 -1         3   10    0    1
 -2       191       189        71        72       219       220        95       221
 -1         4   10    0    1
 -2       190       191        72        73       216       221        96       222
 -1         5   10    0    1
 -2        25       192       194        24       223       224       225        44
 -1         6   10    0    1
 -2       192        61        62       194       226        85       227       224
 -1         7   10    0    1
 -2       194        62        63       193       227        86       228       229
 -1         8   10    0    1
 -2        24       194       193        23       225       229       230        43
 -1         9   10    0    1
 -2       104       105       197       196       108       231       232       233
 -1        10   10    0    1
 -2       105         1        10       197       109        29       234       231
 -1        11   10    0    1
 -2       197        10        11       195       234        30       235       236
 -1        12   10    0    1
 -2       196       197       195       186       232       236       237       238
 -1        13   10    0    1
 -2       104       196       199       103       233       239       240       107
 -1        14   10    0    1
 -2       196       186       198       199       238       241       242       239
 -1        15   10    0    1
 -2       199       198        77        78       242       243       101       244
 -1        16   10    0    1
 -2       103       199        78         5       240       244       102       106
 -1        17   10    0    1
 -2        73        74       201       190        97       245       246       222
 -1        18   10    0    1
 -2        74        75       200       201        98       247       248       245
 -1        19   10    0    1
 -2       201       200        11        12       248       249        31       250
 -1        20   10    0    1
 -2       190       201        12        13       246       250        32       217
 -1        21   10    0    1
 -2       186       195       202       198       237       251       252       241
 -1        22   10    0    1
 -2       195        11       200       202       235       249       253       251
 -1        23   10    0    1
 -2       202       200        75        76       253       247        99       254
 -1        24   10    0    1
 -2       198       202        76        77       252       254       100       243
 -1        25   10    0    1
 -2        15        16       204       189        35       255       256       218
 -1        26   10    0    1
 -2        16        17       203       204        36       257       258       255
 -1        27   10    0    1
 -2       204       203        69        70       258       259        93       260
 -1        28   10    0    1
 -2       189       204        70        71       256       260        94       220
 -1        29   10    0    1
 -2        21       205       207        20       261       262       263        40
 -1        30   10    0    1
 -2       205        65        66       207       264        89       265       262
 -1        31   10    0    1
 -2       207        66        67       206       265        90       266       267
 -1        32   10    0    1
 -2        20       207       206        19       263       267       268        39
 -1        33   10    0    1
 -2        17        18       208       203        37       269       270       257
 -1        34   10    0    1
 -2        18        19       206       208        38       268       271       269
 -1        35   10    0    1
 -2       208       206        67        68       271       266        91       272
 -1        36   10    0    1
 -2       203       208        68        69       270       272        92       259
 -1        37   10    0    1
 -2        23       193       209        22       230       273       274        42
 -1        38   10    0    1
 -2       193        63        64       209       228        87       275       273
 -1        39   10    0    1
 -2       209        64        65       205       275        88       264       276
 -1        40   10    0    1
 -2        22       209       205        21       274       276       261        41
 -1        41   10    0    1
 -2        61       192       211        60       226       277       278        84
 -1        42   10    0    1
 -2       192        25        26       211       223        45       279       277
 -1        43   10    0    1
 -2       211        26        27       210       279        46       280       281
 -1        44   10    0    1
 -2        60       211       210        59       278       281       282        83
 -1        45   10    0    1
 -2         3       188       212        28       283       284       285        48
 -1        46   10    0    1
 -2       188        57        58       212       286        81       287       284
 -1        47   10    0    1
 -2       212        58        59       210       287        82       282       288
 -1        48   10    0    1
 -2        28       212       210        27       285       288       280        47
 -1        49   10    0    1
 -2        50       187       213        49       289       290       291        53
 -1        50   10    0    1
 -2       187        57       188       213       292       286       293       290
 -1        51   10    0    1
 -2        49       213       188         3       291       293       283        52
 -1        52   10    0    1
 -2        57       187       214        56       292       294       295        80
 -1        53   10    0    1
 -2       187        50        51       214       289        54       296       294
 -1        54   10    0    1
 -2        56       214        51         4       295       296        55        79
 -1        55   10    0    1
 -2       111       309       311       110       326       327       328       114
 -1        56   10    0    1
 -2       309       297       310       311       329       330       331       327
 -1        57   10    0    1
 -2       311       310       168       169       331       332       184       333
 -1        58   10    0    1
 -2       110       311       169         6       328       333       185       113
 -1        59   10    0    1
 -2       111       112       313       309       115       334       335       326
 -1        60   10    0    1
 -2       112         7       117       313       116       132       336       334
 -1        61   10    0    1
 -2       313       117       118       312       336       133       337       338
 -1        62   10    0    1
 -2       309       313       312       297       335       338       339       329
 -1        63   10    0    1
 -2       156       300       314       298       340       341       342       343
 -1        64   10    0    1
 -2       300       130       131       314       344       146       345       341
 -1        65   10    0    1
 -2       314       131         8       148       345       147       151       346
 -1        66   10    0    1
 -2       298       314       148       149       342       346       152       347
 -1        67   10    0    1
 -2       297       312       315       310       339       348       349       330
 -1        68   10    0    1
 -2       312       118       303       315       337       350       351       348
 -1        69   10    0    1
 -2       315       303       166       167       351       352       182       353
 -1        70   10    0    1
 -2       310       315       167       168       349       353       183       332
 -1        71   10    0    1
 -2       122       123       316       305       138       354       355       356
 -1        72   10    0    1
 -2       123       124       308       316       139       357       358       354
 -1        73   10    0    1
 -2       316       308       160       161       358       359       176       360
 -1        74   10    0    1
 -2       305       316       161       162       355       360       177       361
 -1        75   10    0    1
 -2       130       299       317       129       362       363       364       145
 -1        76   10    0    1
 -2       299       158       159       317       365       174       366       363
 -1        77   10    0    1
 -2       317       159       160       306       366       175       367       368
 -1        78   10    0    1
 -2       129       317       306       128       364       368       369       144
 -1        79   10    0    1
 -2       156       298       318       155       343       370       371       171
 -1        80   10    0    1
 -2       298       149       150       318       347       153       372       370
 -1        81   10    0    1
 -2       155       318       150         9       371       372       154       170
 -1        82   10    0    1
 -2       158       299       319       157       365       373       374       173
 -1        83   10    0    1
 -2       299       130       300       319       362       344       375       373
 -1        84   10    0    1
 -2       157       319       300       156       374       375       340       172
 -1        85   10    0    1
 -2       120       121       320       302       136       376       377       378
 -1        86   10    0    1
 -2       121       122       301       320       137       379       380       376
 -1        87   10    0    1
 -2       302       320       301       166       377       380       381       382
 -1        88   10    0    1
 -2       166       303       321       302       352       383       384       382
 -1        89   10    0    1
 -2       303       118       119       321       350       134       385       383
 -1        90   10    0    1
 -2       302       321       119       120       384       385       135       378
 -1        91   10    0    1
 -2       164       165       322       304       180       386       387       388
 -1        92   10    0    1
 -2       165       166       301       322       181       381       389       386
 -1        93   10    0    1
 -2       304       322       301       122       387       389       379       390
 -1        94   10    0    1
 -2       122       305       323       304       356       391       392       390
 -1        95   10    0    1
 -2       305       162       163       323       361       178       393       391
 -1        96   10    0    1
 -2       304       323       163       164       392       393       179       388
 -1        97   10    0    1
 -2       126       127       324       307       142       394       395       396
 -1        98   10    0    1
 -2       127       128       306       324       143       369       397       394
 -1        99   10    0    1
 -2       307       324       306       160       395       397       367       398
 -1       100   10    0    1
 -2       160       308       325       307       359       399       400       398
 -1       101   10    0    1
 -2       308       124       125       325       357       140       401       399
 -1       102   10    0    1
 -2       307       325       125       126       400       401       141       396
 -3
    1PSTEP                         1           1           1          
  100CL  101 6.25000E-02         400                     0    1           1
 -4  DISP        4    1
 -5  D1          1    2    1    0
 -5  D2          1    2    2    0
 -5  D3          1    2    3    0
 -5  ALL         1    2    0    0    1ALL
 -1         1 0.00000E+00-1.04862E-02 0.00000E+00
 -1         3 1.13549E-02 0.00000E+00 0.00000E+00
 -1         4 1.14030E-02 0.00000E+00 0.00000E+00
 -1         5 0.00000E+00-1.04865E-02 0.00000E+00
 -1         6-1.06573E-03 0.00000E+00 0.00000E+00
 -1         7-1.56250E-03 0.00000E+00 0.00000E+00
 -1         8-1.56250E-03 1.80416E-04 0.00000E+00
 -1         9-1.56250E-03 1.80416E-04 0.00000E+00
 -1        10 9.50071E-05-1.04067E-02 0.00000E+00
 -1        11 2.14026E-04-1.01711E-02 0.00000E+00
 -1        12 3.79010E-04-9.78718E-03 0.00000E+00
 -1        13 6.10985E-04-9.26898E-03 0.00000E+00
 -1        14 9.26987E-04-8.63361E-03 0.00000E+00
 -1        15 1.33998E-03-7.90267E-03 0.00000E+00
 -1        16 1.85784E-03-7.10088E-03 0.00000E+00
 -1        17 2.48293E-03-6.25496E-03 0.00000E+00
 -1        18 3.21160E-03-5.39236E-03 0.00000E+00
 -1        19 4.03396E-03-4.54025E-03 0.00000E+00
 -1        20 4.93357E-03-3.72417E-03 0.00000E+00
 -1        21 5.88816E-03-2.96714E-03 0.00000E+00
 -1        22 6.86974E-03-2.28784E-03 0.00000E+00
 -1        23 7.84541E-03-1.69984E-03 0.00000E+00
 -1        24 8.77794E-03-1.21057E-03 0.00000E+00
 -1        25 9.62696E-03-8.20445E-04 0.00000E+00
 -1        26 1.03504E-02-5.21897E-04 0.00000E+00
 -1        27 1.09049E-02-2.98740E-04 0.00000E+00
 -1        28 1.12457E-02-1.29877E-04 0.00000E+00
 -1        29 4.60055E-05-1.04662E-02 0.00000E+00
 -1        30 1.50081E-04-1.03079E-02 0.00000E+00
 -1        31 2.89255E-04-9.99668E-03 0.00000E+00
 -1        32 4.85344E-04-9.54379E-03 0.00000E+00
 -1        33 7.57495E-04-8.96450E-03 0.00000E+00
 -1        34 1.12071E-03-8.27842E-03 0.00000E+00
 -1        35 1.58556E-03-7.50885E-03 0.00000E+00
 -1        36 2.15708E-03-6.68153E-03 0.00000E+00
 -1        37 2.83482E-03-5.82387E-03 0.00000E+00
 -1        38 3.61185E-03-4.96320E-03 0.00000E+00
 -1        39 4.47521E-03-4.12609E-03 0.00000E+00
 -1        40 5.40543E-03-3.33704E-03 0.00000E+00
 -1        41 6.37727E-03-2.61682E-03 0.00000E+00
 -1        42 7.36032E-03-1.98189E-03 0.00000E+00
 -1        43 8.31922E-03-1.44267E-03 0.00000E+00
 -1        44 9.21514E-03-1.00336E-03 0.00000E+00
 -1        45 1.00067E-02-6.60403E-04 0.00000E+00
 -1        46 1.06511E-02-4.02094E-04 0.00000E+00
 -1        47 1.11047E-02-2.08556E-04 0.00000E+00
 -1        48 1.13284E-02-6.11325E-05 0.00000E+00
 -1        49 1.13663E-02 0.00000E+00 0.00000E+00
 -1        50 1.13736E-02 0.00000E+00 0.00000E+00
 -1        51 1.13819E-02 0.00000E+00 0.00000E+00
 -1        52 1.13609E-02 0.00000E+00 0.00000E+00
 -1        53 1.13714E-02 0.00000E+00 0.00000E+00
 -1        54 1.13752E-02 0.00000E+00 0.00000E+00
 -1        55 1.13947E-02 0.00000E+00 0.00000E+00
 -1        56 1.12772E-02 1.05230E-04 0.00000E+00
 -1        57 1.09880E-02 1.82013E-04 0.00000E+00
 -1        58 1.05278E-02 2.08079E-04 0.00000E+00
 -1        59 9.91812E-03 1.55018E-04 0.00000E+00
 -1        60 9.18882E-03 1.10791E-05 0.00000E+00
 -1        61 8.37037E-03-2.31695E-04 0.00000E+00
 -1        62 7.49233E-03-5.75933E-04 0.00000E+00
 -1        63 6.58315E-03-1.02037E-03 0.00000E+00
 -1        64 5.66916E-03-1.55922E-03 0.00000E+00
 -1        65 4.77472E-03-2.18316E-03 0.00000E+00
 -1        66 3.92088E-03-2.87962E-03 0.00000E+00
 -1        67 3.12600E-03-3.63344E-03 0.00000E+00
 -1        68 2.40477E-03-4.42728E-03 0.00000E+00
 -1        69 1.76835E-03-5.24238E-03 0.00000E+00
 -1        70 1.22414E-03-6.05877E-03 0.00000E+00
 -1        71 7.75923E-04-6.85666E-03 0.00000E+00
 -1        72 4.23765E-04-7.61596E-03 0.00000E+00
 -1        73 1.64379E-04-8.31786E-03 0.00000E+00
 -1        74-9.07070E-06-8.94460E-03 0.00000E+00
 -1        75-1.05996E-04-9.48040E-03 0.00000E+00
 -1        76-1.38700E-04-9.91198E-03 0.00000E+00
 -1        77-1.21263E-04-1.02285E-02 0.00000E+00
 -1        78-6.94265E-05-1.04215E-02 0.00000E+00
 -1        79 1.13091E-02 4.96857E-05 0.00000E+00
 -1        80 1.11564E-02 1.46804E-04 0.00000E+00
 -1        81 1.07785E-02 2.03350E-04 0.00000E+00
 -1        82 1.02401E-02 1.92309E-04 0.00000E+00
 -1        83 9.56673E-03 9.50548E-05 0.00000E+00
 -1        84 8.78916E-03-9.75729E-05 0.00000E+00
 -1        85 7.93729E-03-3.90964E-04 0.00000E+00
 -1        86 7.04010E-03-7.85774E-04 0.00000E+00
 -1        87 6.12539E-03-1.27837E-03 0.00000E+00
 -1        88 5.21827E-03-1.86122E-03 0.00000E+00
 -1        89 4.34157E-03-2.52314E-03 0.00000E+00
 -1        90 3.51503E-03-3.25043E-03 0.00000E+00
 -1        91 2.75542E-03-4.02646E-03 0.00000E+00
 -1        92 2.07535E-03-4.83347E-03 0.00000E+00
 -1        93 1.48438E-03-5.65179E-03 0.00000E+00
 -1        94 9.87900E-04-6.46147E-03 0.00000E+00
 -1        95 5.87939E-04-7.24245E-03 0.00000E+00
 -1        96 2.82810E-04-7.97546E-03 0.00000E+00
 -1        97 6.74588E-05-8.64184E-03 0.00000E+00
 -1        98-6.62917E-05-9.22494E-03 0.00000E+00
 -1        99-1.29466E-04-9.70992E-03 0.00000E+00
 -1       100-1.35367E-04-1.00850E-02 0.00000E+00
 -1       101-9.85334E-05-1.03407E-02 0.00000E+00
 -1       102-3.57796E-05-1.04701E-02 0.00000E+00
 -1       103 0.00000E+00-1.04936E-02 0.00000E+00
 -1       104 0.00000E+00-1.04961E-02 0.00000E+00
 -1       105 0.00000E+00-1.04938E-02 0.00000E+00
 -1       106 0.00000E+00-1.04905E-02 0.00000E+00
 -1       107 0.00000E+00-1.04954E-02 0.00000E+00
 -1       108 0.00000E+00-1.04955E-02 0.00000E+00
 -1       109 0.00000E+00-1.04905E-02 0.00000E+00
 -1       110-1.17446E-03 0.00000E+00 0.00000E+00
 -1       111-1.29865E-03 0.00000E+00 0.00000E+00
 -1       112-1.43000E-03 0.00000E+00 0.00000E+00
 -1       113-1.12006E-03 0.00000E+00 0.00000E+00
 -1       114-1.23768E-03 0.00000E+00 0.00000E+00
 -1       115-1.36289E-03 0.00000E+00 0.00000E+00
 -1       116-1.49518E-03 0.00000E+00 0.00000E+00
 -1       117-1.56250E-03 1.88653E-04 0.00000E+00
 -1       118-1.56250E-03 2.10674E-04 0.00000E+00
 -1       119-1.56250E-03 1.86950E-04 0.00000E+00
 -1       120-1.56250E-03 1.81120E-04 0.00000E+00
 -1       121-1.56250E-03 1.80329E-04 0.00000E+00
 -1       122-1.56250E-03 1.80383E-04 0.00000E+00
 -1       123-1.56250E-03 1.80411E-04 0.00000E+00
 -1       124-1.56250E-03 1.80416E-04 0.00000E+00
 -1       125-1.56250E-03 1.80416E-04 0.00000E+00
 -1       126-1.56250E-03 1.80416E-04 0.00000E+00
 -1       127-1.56250E-03 1.80416E-04 0.00000E+00
 -1       128-1.56250E-03 1.80416E-04 0.00000E+00
 -1       129-1.56250E-03 1.80416E-04 0.00000E+00
 -1       130-1.56250E-03 1.80416E-04 0.00000E+00
 -1       131-1.56250E-03 1.80416E-04 0.00000E+00
 -1       132-1.56250E-03 1.11181E-04 0.00000E+00
 -1       133-1.56250E-03 2.16864E-04 0.00000E+00
 -1       134-1.56250E-03 1.96286E-04 0.00000E+00
 -1       135-1.56250E-03 1.82916E-04 0.00000E+00
 -1       136-1.56250E-03 1.80408E-04 0.00000E+00
 -1       137-1.56250E-03 1.80322E-04 0.00000E+00
 -1       138-1.56250E-03 1.80401E-04 0.00000E+00
 -1       139-1.56250E-03 1.80415E-04 0.00000E+00
 -1       140-1.56250E-03 1.80416E-04 0.00000E+00
 -1       141-1.56250E-03 1.80416E-04 0.00000E+00
 -1       142-1.56250E-03 1.80416E-04 0.00000E+00
 -1       143-1.56250E-03 1.80416E-04 0.00000E+00
 -1       144-1.56250E-03 1.80416E-04 0.00000E+00
 -1       145-1.56250E-03 1.80416E-04 0.00000E+00
 -1       146-1.56250E-03 1.80416E-04 0.00000E+00
 -1       147-1.56250E-03 1.80416E-04 0.00000E+00
 -1       148-1.56250E-03 1.80416E-04 0.00000E+00
 -1       149-1.56250E-03 1.80416E-04 0.00000E+00
 -1       150-1.56250E-03 1.80416E-04 0.00000E+00
 -1       151-1.56250E-03 1.80416E-04 0.00000E+00
 -1       152-1.56250E-03 1.80416E-04 0.00000E+00
 -1       153-1.56250E-03 1.80416E-04 0.00000E+00
 -1       154-1.56250E-03 1.80416E-04 0.00000E+00
 -1       155-1.56250E-03 1.80416E-04 0.00000E+00
 -1       156-1.56250E-03 1.80416E-04 0.00000E+00
 -1       157-1.56250E-03 1.80416E-04 0.00000E+00
 -1       158-1.56250E-03 1.80416E-04 0.00000E+00
 -1       159-1.56250E-03 1.80416E-04 0.00000E+00
 -1       160-1.56250E-03 1.80416E-04 0.00000E+00
 -1       161-1.56250E-03 1.80415E-04 0.00000E+00
 -1       162-1.56250E-03 1.80415E-04 0.00000E+00
 -1       163-1.56249E-03 1.80416E-04 0.00000E+00
 -1       164-1.56248E-03 1.80449E-04 0.00000E+00
 -1       165-1.56262E-03 1.80650E-04 0.00000E+00
 -1       166-1.56374E-03 1.80898E-04 0.00000E+00
 -1       167-1.56763E-03 1.75696E-04 0.00000E+00
 -1       168-1.55825E-03 1.39959E-04 0.00000E+00
 -1       169-1.28243E-03 2.81657E-05 0.00000E+00
 -1       170-1.56250E-03 1.80416E-04 0.00000E+00
 -1       171-1.56250E-03 1.80416E-04 0.00000E+00
 -1       172-1.56250E-03 1.80416E-04 0.00000E+00
 -1       173-1.56250E-03 1.80416E-04 0.00000E+00
 -1       174-1.56250E-03 1.80416E-04 0.00000E+00
 -1       175-1.56250E-03 1.80416E-04 0.00000E+00
 -1       176-1.56250E-03 1.80416E-04 0.00000E+00
 -1       177-1.56250E-03 1.80415E-04 0.00000E+00
 -1       178-1.56250E-03 1.80414E-04 0.00000E+00
 -1       179-1.56248E-03 1.80423E-04 0.00000E+00
 -1       180-1.56251E-03 1.80524E-04 0.00000E+00
 -1       181-1.56301E-03 1.80821E-04 0.00000E+00
 -1       182-1.56598E-03 1.79816E-04 0.00000E+00
 -1       183-1.56817E-03 1.66961E-04 0.00000E+00
 -1       184-1.49986E-03 9.02497E-05 0.00000E+00
 -1       185-1.09461E-03 1.40641E-05 0.00000E+00
 -1       186 8.72833E-06-1.03750E-02 0.00000E+00
 -1       187 1.12785E-02 4.69135E-05 0.00000E+00
 -1       188 1.12812E-02-6.57485E-06 0.00000E+00
 -1       189 1.06912E-03-7.40021E-03 0.00000E+00
 -1       190 4.13182E-04-8.83047E-03 0.00000E+00
 -1       191 6.93082E-04-8.15315E-03 0.00000E+00
 -1       192 9.03536E-03-5.51487E-04 0.00000E+00
 -1       193 7.22838E-03-1.36786E-03 0.00000E+00
 -1       194 8.15905E-03-9.08317E-04 0.00000E+00
 -1       195 9.11780E-05-1.02868E-02 0.00000E+00
 -1       196 3.03015E-06-1.04658E-02 0.00000E+00
 -1       197 3.95708E-05-1.04416E-02 0.00000E+00
 -1       198-4.68612E-05-1.03103E-02 0.00000E+00
 -1       199-2.80181E-05-1.04477E-02 0.00000E+00
 -1       200 9.88950E-05-9.88130E-03 0.00000E+00
 -1       201 2.19556E-04-9.41217E-03 0.00000E+00
 -1       202 1.50175E-06-1.01268E-02 0.00000E+00
 -1       203 2.12780E-03-5.75685E-03 0.00000E+00
 -1       204 1.54701E-03-6.59369E-03 0.00000E+00
 -1       205 5.33353E-03-2.57582E-03 0.00000E+00
 -1       206 3.57872E-03-4.08811E-03 0.00000E+00
 -1       207 4.42674E-03-3.30204E-03 0.00000E+00
 -1       208 2.80791E-03-4.91386E-03 0.00000E+00
 -1       209 6.27646E-03-1.92666E-03 0.00000E+00
 -1       210 1.04832E-02-1.30125E-04 0.00000E+00
 -1       211 9.82215E-03-2.94948E-04 0.00000E+00
 -1       212 1.09823E-02-4.16372E-05 0.00000E+00
 -1       213 1.13269E-02-2.23357E-06 0.00000E+00
 -1       214 1.13128E-02 4.63873E-05 0.00000E+00
 -1       215 8.14662E-04-8.40086E-03 0.00000E+00
 -1       216 5.47718E-04-8.50504E-03 0.00000E+00
 -1       217 5.18940E-04-9.05941E-03 0.00000E+00
 -1       218 1.20731E-03-7.65679E-03 0.00000E+00
 -1       219 8.75376E-04-7.78809E-03 0.00000E+00
 -1       220 9.25319E-04-7.13326E-03 0.00000E+00
 -1       221 5.62659E-04-7.89128E-03 0.00000E+00
 -1       222 2.94774E-04-8.58304E-03 0.00000E+00
 -1       223 9.34117E-03-6.92718E-04 0.00000E+00
 -1       224 8.60935E-03-7.24815E-04 0.00000E+00
 -1       225 8.47502E-03-1.06314E-03 0.00000E+00
 -1       226 8.71126E-03-3.97614E-04 0.00000E+00
 -1       227 7.83113E-03-7.45894E-04 0.00000E+00
 -1       228 6.90896E-03-1.19630E-03 0.00000E+00
 -1       229 7.70243E-03-1.13358E-03 0.00000E+00
 -1       230 7.54059E-03-1.53545E-03 0.00000E+00
 -1       231 1.91274E-05-1.04806E-02 0.00000E+00
 -1       232 1.90466E-05-1.04550E-02 0.00000E+00
 -1       233 1.02863E-06-1.04885E-02 0.00000E+00
 -1       234 6.49238E-05-1.04254E-02 0.00000E+00
 -1       235 1.47438E-04-1.02321E-02 0.00000E+00
 -1       236 6.43498E-05-1.03767E-02 0.00000E+00
 -1       237 4.48952E-05-1.03342E-02 0.00000E+00
 -1       238 5.80102E-06-1.04279E-02 0.00000E+00
 -1       239-1.11474E-05-1.04577E-02 0.00000E+00
 -1       240-1.45458E-05-1.04821E-02 0.00000E+00
 -1       241-1.66822E-05-1.03447E-02 0.00000E+00
 -1       242-3.82600E-05-1.03903E-02 0.00000E+00
 -1       243-8.17999E-05-1.02714E-02 0.00000E+00
 -1       244-4.74299E-05-1.04355E-02 0.00000E+00
 -1       245 1.13316E-04-9.18958E-03 0.00000E+00
 -1       246 3.11605E-04-9.13611E-03 0.00000E+00
 -1       247 6.86475E-06-9.69432E-03 0.00000E+00
 -1       248 1.55341E-04-9.66273E-03 0.00000E+00
 -1       249 1.68410E-04-1.00403E-02 0.00000E+00
 -1       250 3.08621E-04-9.61168E-03 0.00000E+00
 -1       251 5.28238E-05-1.02135E-02 0.00000E+00
 -1       252-2.75823E-05-1.02265E-02 0.00000E+00
 -1       253 4.50208E-05-1.00116E-02 0.00000E+00
 -1       254-6.26692E-05-1.00259E-02 0.00000E+00
 -1       255 1.70362E-03-6.85079E-03 0.00000E+00
 -1       256 1.30238E-03-7.00641E-03 0.00000E+00
 -1       257 2.30551E-03-6.00790E-03 0.00000E+00
 -1       258 1.83213E-03-6.18275E-03 0.00000E+00
 -1       259 1.94883E-03-5.50166E-03 0.00000E+00
 -1       260 1.38724E-03-6.32957E-03 0.00000E+00
 -1       261 5.61114E-03-2.77107E-03 0.00000E+00
 -1       262 4.88054E-03-2.93829E-03 0.00000E+00
 -1       263 4.67964E-03-3.51260E-03 0.00000E+00
 -1       264 5.05477E-03-2.38001E-03 0.00000E+00
 -1       265 4.17399E-03-3.09120E-03 0.00000E+00
 -1       266 3.35242E-03-3.86143E-03 0.00000E+00
 -1       267 4.00109E-03-3.69635E-03 0.00000E+00
 -1       268 3.80556E-03-4.31409E-03 0.00000E+00
 -1       269 3.00921E-03-5.15387E-03 0.00000E+00
 -1       270 2.46334E-03-5.34066E-03 0.00000E+00
 -1       271 3.19010E-03-4.50419E-03 0.00000E+00
 -1       272 2.60655E-03-4.67179E-03 0.00000E+00
 -1       273 6.75804E-03-1.64374E-03 0.00000E+00
 -1       274 6.57474E-03-2.10744E-03 0.00000E+00
 -1       275 5.97452E-03-1.74410E-03 0.00000E+00
 -1       276 5.80791E-03-2.24905E-03 0.00000E+00
 -1       277 9.44446E-03-4.18047E-04 0.00000E+00
 -1       278 9.51752E-03-1.51055E-04 0.00000E+00
 -1       279 1.01006E-02-4.19175E-04 0.00000E+00
 -1       280 1.07135E-02-2.30628E-04 0.00000E+00
 -1       281 1.01721E-02-2.07677E-04 0.00000E+00
 -1       282 1.02172E-02-6.93301E-07 0.00000E+00
 -1       283 1.13426E-02-2.84502E-05 0.00000E+00
 -1       284 1.11593E-02-2.20899E-05 0.00000E+00
 -1       285 1.11396E-02-1.07621E-04 0.00000E+00
 -1       286 1.11638E-02 6.42880E-05 0.00000E+00
 -1       287 1.07769E-02 6.44732E-05 0.00000E+00
 -1       288 1.07560E-02-8.19680E-05 0.00000E+00
 -1       289 1.13412E-02 1.12562E-05 0.00000E+00
 -1       290 1.13040E-02 1.89864E-05 0.00000E+00
 -1       291 1.13569E-02-1.02289E-05 0.00000E+00
 -1       292 1.11614E-02 1.03934E-04 0.00000E+00
 -1       293 1.13052E-02-2.62084E-06 0.00000E+00
 -1       294 1.12998E-02 4.97594E-05 0.00000E+00
 -1       295 1.12950E-02 7.43068E-05 0.00000E+00
 -1       296 1.13481E-02 1.33289E-05 0.00000E+00
 -1       297-1.48587E-03 1.82135E-04 0.00000E+00
 -1       298-1.56250E-03 1.80416E-04 0.00000E+00
 -1       299-1.56250E-03 1.80416E-04 0.00000E+00
 -1       300-1.56250E-03 1.80416E-04 0.00000E+00
 -1       301-1.56259E-03 1.80361E-04 0.00000E+00
 -1       302-1.56389E-03 1.80445E-04 0.00000E+00
 -1       303-1.56858E-03 1.81645E-04 0.00000E+00
 -1       304-1.56247E-03 1.80401E-04 0.00000E+00
 -1       305-1.56249E-03 1.80415E-04 0.00000E+00
 -1       306-1.56250E-03 1.80416E-04 0.00000E+00
 -1       307-1.56250E-03 1.80416E-04 0.00000E+00
 -1       308-1.56250E-03 1.80416E-04 0.00000E+00
 -1       309-1.34103E-03 1.23022E-04 0.00000E+00
 -1       310-1.53878E-03 1.54155E-04 0.00000E+00
 -1       311-1.28840E-03 1.09643E-04 0.00000E+00
 -1       312-1.54796E-03 2.09822E-04 0.00000E+00
 -1       313-1.47045E-03 1.64228E-04 0.00000E+00
 -1       314-1.56250E-03 1.80416E-04 0.00000E+00
 -1       315-1.57268E-03 1.76350E-04 0.00000E+00
 -1       316-1.56250E-03 1.80416E-04 0.00000E+00
 -1       317-1.56250E-03 1.80416E-04 0.00000E+00
 -1       318-1.56250E-03 1.80416E-04 0.00000E+00
 -1       319-1.56250E-03 1.80416E-04 0.00000E+00
 -1       320-1.56277E-03 1.80328E-04 0.00000E+00
 -1       321-1.56548E-03 1.82553E-04 0.00000E+00
 -1       322-1.56251E-03 1.80445E-04 0.00000E+00
 -1       323-1.56248E-03 1.80418E-04 0.00000E+00
 -1       324-1.56250E-03 1.80416E-04 0.00000E+00
 -1       325-1.56250E-03 1.80416E-04 0.00000E+00
 -1       326-1.30589E-03 6.35765E-05 0.00000E+00
 -1       327-1.30877E-03 1.21759E-04 0.00000E+00
 -1       328-1.19389E-03 5.56397E-05 0.00000E+00
 -1       329-1.41278E-03 1.65148E-04 0.00000E+00
 -1       330-1.50973E-03 1.71807E-04 0.00000E+00
 -1       331-1.43807E-03 1.43739E-04 0.00000E+00
 -1       332-1.55524E-03 1.38585E-04 0.00000E+00
 -1       333-1.27847E-03 8.12919E-05 0.00000E+00
 -1       334-1.43909E-03 9.09598E-05 0.00000E+00
 -1       335-1.41035E-03 1.46041E-04 0.00000E+00
 -1       336-1.52134E-03 1.78265E-04 0.00000E+00
 -1       337-1.56045E-03 2.13045E-04 0.00000E+00
 -1       338-1.51449E-03 2.02569E-04 0.00000E+00
 -1       339-1.52627E-03 2.00083E-04 0.00000E+00
 -1       340-1.56250E-03 1.80416E-04 0.00000E+00
 -1       341-1.56250E-03 1.80416E-04 0.00000E+00
 -1       342-1.56250E-03 1.80416E-04 0.00000E+00
 -1       343-1.56250E-03 1.80416E-04 0.00000E+00
 -1       344-1.56250E-03 1.80416E-04 0.00000E+00
 -1       345-1.56250E-03 1.80416E-04 0.00000E+00
 -1       346-1.56250E-03 1.80416E-04 0.00000E+00
 -1       347-1.56250E-03 1.80416E-04 0.00000E+00
 -1       348-1.56509E-03 1.92445E-04 0.00000E+00
 -1       349-1.56571E-03 1.67266E-04 0.00000E+00
 -1       350-1.56707E-03 1.93139E-04 0.00000E+00
 -1       351-1.57080E-03 1.80173E-04 0.00000E+00
 -1       352-1.56627E-03 1.79633E-04 0.00000E+00
 -1       353-1.56997E-03 1.73108E-04 0.00000E+00
 -1       354-1.56250E-03 1.80415E-04 0.00000E+00
 -1       355-1.56250E-03 1.80416E-04 0.00000E+00
 -1       356-1.56249E-03 1.80403E-04 0.00000E+00
 -1       357-1.56250E-03 1.80416E-04 0.00000E+00
 -1       358-1.56250E-03 1.80416E-04 0.00000E+00
 -1       359-1.56250E-03 1.80416E-04 0.00000E+00
 -1       360-1.56250E-03 1.80415E-04 0.00000E+00
 -1       361-1.56250E-03 1.80416E-04 0.00000E+00
 -1       362-1.56250E-03 1.80416E-04 0.00000E+00
 -1       363-1.56250E-03 1.80416E-04 0.00000E+00
 -1       364-1.56250E-03 1.80416E-04 0.00000E+00
 -1       365-1.56250E-03 1.80416E-04 0.00000E+00
 -1       366-1.56250E-03 1.80416E-04 0.00000E+00
 -1       367-1.56250E-03 1.80416E-04 0.00000E+00
 -1       368-1.56250E-03 1.80416E-04 0.00000E+00
 -1       369-1.56250E-03 1.80416E-04 0.00000E+00
 -1       370-1.56250E-03 1.80416E-04 0.00000E+00
 -1       371-1.56250E-03 1.80416E-04 0.00000E+00
 -1       372-1.56250E-03 1.80416E-04 0.00000E+00
 -1       373-1.56250E-03 1.80416E-04 0.00000E+00
 -1       374-1.56250E-03 1.80416E-04 0.00000E+00
 -1       375-1.56250E-03 1.80416E-04 0.00000E+00
 -1       376-1.56257E-03 1.80310E-04 0.00000E+00
 -1       377-1.56310E-03 1.80460E-04 0.00000E+00
 -1       378-1.56329E-03 1.80848E-04 0.00000E+00
 -1       379-1.56250E-03 1.80343E-04 0.00000E+00
 -1       380-1.56264E-03 1.80392E-04 0.00000E+00
 -1       381-1.56298E-03 1.80533E-04 0.00000E+00
 -1       382-1.56402E-03 1.80259E-04 0.00000E+00
 -1       383-1.56702E-03 1.82734E-04 0.00000E+00
 -1       384-1.56474E-03 1.81022E-04 0.00000E+00
 -1       385-1.56448E-03 1.85125E-04 0.00000E+00
 -1       386-1.56256E-03 1.80524E-04 0.00000E+00
 -1       387-1.56247E-03 1.80416E-04 0.00000E+00
 -1       388-1.56247E-03 1.80436E-04 0.00000E+00
 -1       389-1.56255E-03 1.80405E-04 0.00000E+00
 -1       390-1.56248E-03 1.80381E-04 0.00000E+00
 -1       391-1.56249E-03 1.80417E-04 0.00000E+00
 -1       392-1.56248E-03 1.80416E-04 0.00000E+00
 -1       393-1.56249E-03 1.80418E-04 0.00000E+00
 -1       394-1.56250E-03 1.80416E-04 0.00000E+00
 -1       395-1.56250E-03 1.80416E-04 0.00000E+00
 -1       396-1.56250E-03 1.80416E-04 0.00000E+00
 -1       397-1.56250E-03 1.80416E-04 0.00000E+00
 -1       398-1.56250E-03 1.80416E-04 0.00000E+00
 -1       399-1.56250E-03 1.80416E-04 0.00000E+00
 -1       400-1.56250E-03 1.80416E-04 0.00000E+00
 -1       401-1.56250E-03 1.80416E-04 0.00000E+00
 -3
    1PSTEP                         2           1           1          
  100CL  101 6.25000E-02         400                     0    1           1
 -4  FORC        4    1
 -5  F1          1    2    1    0
 -5  F2          1    2    2    0
 -5  F3          1    2    3    0
 -5  ALL         1    2    0    0    1ALL
 -1         1 0.00000E+00 0.00000E+00 0.00000E+00
 -1         3 0.00000E+00 0.00000E+00 0.00000E+00
 -1         4 0.00000E+00 0.00000E+00 0.00000E+00
 -1         5 0.00000E+00 0.00000E+00 0.00000E+00
 -1         6 0.00000E+00 0.00000E+00 0.00000E+00
 -1         7 0.00000E+00 0.00000E+00 0.00000E+00
 -1         8 0.00000E+00 0.00000E+00 0.00000E+00
 -1         9 0.00000E+00 0.00000E+00 0.00000E+00
 -1        10 0.00000E+00 0.00000E+00 0.00000E+00
 -1        11 0.00000E+00 0.00000E+00 0.00000E+00
 -1        12 0.00000E+00 0.00000E+00 0.00000E+00
 -1        13 0.00000E+00 0.00000E+00 0.00000E+00
 -1        14 0.00000E+00 0.00000E+00 0.00000E+00
 -1        15 0.00000E+00 0.00000E+00 0.00000E+00
 -1        16 0.00000E+00 0.00000E+00 0.00000E+00
 -1        17 0.00000E+00 0.00000E+00 0.00000E+00
 -1        18 0.00000E+00 0.00000E+00 0.00000E+00
 -1        19 0.00000E+00 0.00000E+00 0.00000E+00
 -1        20 0.00000E+00 0.00000E+00 0.00000E+00
 -1        21 0.00000E+00 0.00000E+00 0.00000E+00
 -1        22 0.00000E+00 0.00000E+00 0.00000E+00
 -1        23 0.00000E+00 0.00000E+00 0.00000E+00
 -1        24 0.00000E+00 0.00000E+00 0.00000E+00
 -1        25 0.00000E+00 0.00000E+00 0.00000E+00
 -1        26 0.00000E+00 0.00000E+00 0.00000E+00
 -1        27 0.00000E+00 0.00000E+00 0.00000E+00
 -1        28 0.00000E+00 0.00000E+00 0.00000E+00
 -1        29 0.00000E+00 0.00000E+00 0.00000E+00
 -1        30 0.00000E+00 0.00000E+00 0.00000E+00
 -1        31 0.00000E+00 0.00000E+00 0.00000E+00
 -1        32 0.00000E+00 0.00000E+00 0.00000E+00
 -1        33 0.00000E+00 0.00000E+00 0.00000E+00
 -1        34 0.00000E+00 0.00000E+00 0.00000E+00
 -1        35 0.00000E+00 0.00000E+00 0.00000E+00
 -1        36 0.00000E+00 0.00000E+00 0.00000E+00
 -1        37 0.00000E+00 0.00000E+00 0.00000E+00
 -1        38 0.00000E+00 0.00000E+00 0.00000E+00
 -1        39 0.00000E+00 0.00000E+00 0.00000E+00
 -1        40 0.00000E+00 0.00000E+00 0.00000E+00
 -1        41 0.00000E+00 0.00000E+00 0.00000E+00
 -1        42 0.00000E+00 0.00000E+00 0.00000E+00
 -1        43 0.00000E+00 0.00000E+00 0.00000E+00
 -1        44 0.00000E+00 0.00000E+00 0.00000E+00
 -1        45 0.00000E+00 0.00000E+00 0.00000E+00
 -1        46 0.00000E+00 0.00000E+00 0.00000E+00
 -1        47 0.00000E+00 0.00000E+00 0.00000E+00
 -1        48 0.00000E+00 0.00000E+00 0.00000E+00
 -1        49 0.00000E+00 0.00000E+00 0.00000E+00
 -1        50 0.00000E+00 0.00000E+00 0.00000E+00
 -1        51 0.00000E+00 0.00000E+00 0.00000E+00
 -1        52 0.00000E+00 0.00000E+00 0.00000E+00
 -1        53 0.00000E+00 0.00000E+00 0.00000E+00
 -1        54 0.00000E+00 0.00000E+00 0.00000E+00
 -1        55 0.00000E+00 0.00000E+00 0.00000E+00
 -1        56 0.00000E+00 0.00000E+00 0.00000E+00
 -1        57 0.00000E+00 0.00000E+00 0.00000E+00
 -1        58 0.00000E+00 0.00000E+00 0.00000E+00
 -1        59 0.00000E+00 0.00000E+00 0.00000E+00
 -1        60 0.00000E+00 0.00000E+00 0.00000E+00
 -1        61 0.00000E+00 0.00000E+00 0.00000E+00
 -1        62 0.00000E+00 0.00000E+00 0.00000E+00
 -1        63 0.00000E+00 0.00000E+00 0.00000E+00
 -1        64 0.00000E+00 0.00000E+00 0.00000E+00
 -1        65 0.00000E+00 0.00000E+00 0.00000E+00
 -1        66 0.00000E+00 0.00000E+00 0.00000E+00
 -1        67 0.00000E+00 0.00000E+00 0.00000E+00
 -1        68 0.00000E+00 0.00000E+00 0.00000E+00
 -1        69 0.00000E+00 0.00000E+00 0.00000E+00
 -1        70 0.00000E+00 0.00000E+00 0.00000E+00
 -1        71 0.00000E+00 0.00000E+00 0.00000E+00
 -1        72 0.00000E+00 0.00000E+00 0.00000E+00
 -1        73 0.00000E+00 0.00000E+00 0.00000E+00
 -1        74 0.00000E+00 0.00000E+00 0.00000E+00
 -1        75 0.00000E+00 0.00000E+00 0.00000E+00
 -1        76 0.00000E+00 0.00000E+00 0.00000E+00
 -1        77 0.00000E+00 0.00000E+00 0.00000E+00
 -1        78 0.00000E+00 0.00000E+00 0.00000E+00
 -1        79 0.00000E+00 0.00000E+00 0.00000E+00
 -1        80 0.00000E+00 0.00000E+00 0.00000E+00
 -1        81 0.00000E+00 0.00000E+00 0.00000E+00
 -1        82 0.00000E+00 0.00000E+00 0.00000E+00
 -1        83 0.00000E+00 0.00000E+00 0.00000E+00
 -1        84 0.00000E+00 0.00000E+00 0.00000E+00
 -1        85 0.00000E+00 0.00000E+00 0.00000E+00
 -1        86 0.00000E+00 0.00000E+00 0.00000E+00
 -1        87 0.00000E+00 0.00000E+00 0.00000E+00
 -1        88 0.00000E+00 0.00000E+00 0.00000E+00
 -1        89 0.00000E+00 0.00000E+00 0.00000E+00
 -1        90 0.00000E+00 0.00000E+00 0.00000E+00
 -1        91 0.00000E+00 0.00000E+00 0.00000E+00
 -1        92 0.00000E+00 0.00000E+00 0.00000E+00
 -1        93 0.00000E+00 0.00000E+00 0.00000E+00
 -1        94 0.00000E+00 0.00000E+00 0.00000E+00
 -1        95 0.00000E+00 0.00000E+00 0.00000E+00
 -1        96 0.00000E+00 0.00000E+00 0.00000E+00
 -1        97 0.00000E+00 0.00000E+00 0.00000E+00
 -1        98 0.00000E+00 0.00000E+00 0.00000E+00
 -1        99 0.00000E+00 0.00000E+00 0.00000E+00
 -1       100 0.00000E+00 0.00000E+00 0.00000E+00
 -1       101 0.00000E+00 0.00000E+00 0.00000E+00
 -1       102 0.00000E+00 0.00000E+00 0.00000E+00
 -1       103 0.00000E+00 0.00000E+00 0.00000E+00
 -1       104 0.00000E+00 0.00000E+00 0.00000E+00
 -1       105 0.00000E+00 0.00000E+00 0.00000E+00
 -1       106 0.00000E+00 0.00000E+00 0.00000E+00
 -1       107 0.00000E+00 0.00000E+00 0.00000E+00
 -1       108 0.00000E+00 0.00000E+00 0.00000E+00
 -1       109 0.00000E+00 0.00000E+00 0.00000E+00
 -1       110 0.00000E+00 0.00000E+00 0.00000E+00
 -1       111 0.00000E+00 0.00000E+00 0.00000E+00
 -1       112 0.00000E+00 0.00000E+00 0.00000E+00
 -1       113 0.00000E+00 0.00000E+00 0.00000E+00
 -1       114 0.00000E+00 0.00000E+00 0.00000E+00
 -1       115 0.00000E+00 0.00000E+00 0.00000E+00
 -1       116 0.00000E+00 0.00000E+00 0.00000E+00
 -1       117 0.00000E+00 0.00000E+00 0.00000E+00
 -1       118 0.00000E+00 0.00000E+00 0.00000E+00
 -1       119 0.00000E+00 0.00000E+00 0.00000E+00
 -1       120 0.00000E+00 0.00000E+00 0.00000E+00
 -1       121 0.00000E+00 0.00000E+00 0.00000E+00
 -1       122 0.00000E+00 0.00000E+00 0.00000E+00
 -1       123 0.00000E+00 0.00000E+00 0.00000E+00
 -1       124 0.00000E+00 0.00000E+00 0.00000E+00
 -1       125 0.00000E+00 0.00000E+00 0.00000E+00
 -1       126 0.00000E+00 0.00000E+00 0.00000E+00
 -1       127 0.00000E+00 0.00000E+00 0.00000E+00
 -1       128 0.00000E+00 0.00000E+00 0.00000E+00
 -1       129 0.00000E+00 0.00000E+00 0.00000E+00
 -1       130 0.00000E+00 0.00000E+00 0.00000E+00
 -1       131 0.00000E+00 0.00000E+00 0.00000E+00
 -1       132 0.00000E+00 0.00000E+00 0.00000E+00
 -1       133 0.00000E+00 0.00000E+00 0.00000E+00
 -1       134 0.00000E+00 0.00000E+00 0.00000E+00
 -1       135 0.00000E+00 0.00000E+00 0.00000E+00
 -1       136 0.00000E+00 0.00000E+00 0.00000E+00
 -1       137 0.00000E+00 0.00000E+00 0.00000E+00
 -1       138 0.00000E+00 0.00000E+00 0.00000E+00
 -1       139 0.00000E+00 0.00000E+00 0.00000E+00
 -1       140 0.00000E+00 0.00000E+00 0.00000E+00
 -1       141 0.00000E+00 0.00000E+00 0.00000E+00
 -1       142 0.00000E+00 0.00000E+00 0.00000E+00
 -1       143 0.00000E+00 0.00000E+00 0.00000E+00
 -1       144 0.00000E+00 0.00000E+00 0.00000E+00
 -1       145 0.00000E+00 0.00000E+00 0.00000E+00
 -1       146 0.00000E+00 0.00000E+00 0.00000E+00
 -1       147 0.00000E+00 0.00000E+00 0.00000E+00
 -1       148 0.00000E+00 0.00000E+00 0.00000E+00
 -1       149 0.00000E+00 0.00000E+00 0.00000E+00
 -1       150 0.00000E+00 0.00000E+00 0.00000E+00
 -1       151 0.00000E+00 0.00000E+00 0.00000E+00
 -1       152 0.00000E+00 0.00000E+00 0.00000E+00
 -1       153 0.00000E+00 0.00000E+00 0.00000E+00
 -1       154 0.00000E+00 0.00000E+00 0.00000E+00
 -1       155 0.00000E+00 0.00000E+00 0.00000E+00
 -1       156 0.00000E+00 0.00000E+00 0.00000E+00
 -1       157 0.00000E+00 0.00000E+00 0.00000E+00
 -1       158 0.00000E+00 0.00000E+00 0.00000E+00
 -1       159 0.00000E+00 0.00000E+00 0.00000E+00
 -1       160 0.00000E+00 0.00000E+00 0.00000E+00
 -1       161 0.00000E+00 0.00000E+00 0.00000E+00
 -1       162 0.00000E+00 0.00000E+00 0.00000E+00
 -1       163 0.00000E+00 0.00000E+00 0.00000E+00
 -1       164 0.00000E+00 0.00000E+00 0.00000E+00
 -1       165 0.00000E+00 0.00000E+00 0.00000E+00
 -1       166 0.00000E+00 0.00000E+00 0.00000E+00
 -1       167 0.00000E+00 0.00000E+00 0.00000E+00
 -1       168 0.00000E+00 0.00000E+00 0.00000E+00
 -1       169 0.00000E+00 0.00000E+00 0.00000E+00
 -1       170 0.00000E+00 0.00000E+00 0.00000E+00
 -1       171 0.00000E+00 0.00000E+00 0.00000E+00
 -1       172 0.00000E+00 0.00000E+00 0.00000E+00
 -1       173 0.00000E+00 0.00000E+00 0.00000E+00
 -1       174 0.00000E+00 0.00000E+00 0.00000E+00
 -1       175 0.00000E+00 0.00000E+00 0.00000E+00
 -1       176 0.00000E+00 0.00000E+00 0.00000E+00
 -1       177 0.00000E+00 0.00000E+00 0.00000E+00
 -1       178 0.00000E+00 0.00000E+00 0.00000E+00
 -1       179 0.00000E+00 0.00000E+00 0.00000E+00
 -1       180 0.00000E+00 0.00000E+00 0.00000E+00
 -1       181 0.00000E+00 0.00000E+00 0.00000E+00
 -1       182 0.00000E+00 0.00000E+00 0.00000E+00
 -1       183 0.00000E+00 0.00000E+00 0.00000E+00
 -1       184 0.00000E+00 0.00000E+00 0.00000E+00
 -1       185 0.00000E+00 0.00000E+00 0.00000E+00
 -1       186 0.00000E+00 0.00000E+00 0.00000E+00
 -1       187 0.00000E+00 0.00000E+00 0.00000E+00
 -1       188 0.00000E+00 0.00000E+00 0.00000E+00
 -1       189 0.00000E+00 0.00000E+00 0.00000E+00
 -1       190 0.00000E+00 0.00000E+00 0.00000E+00
 -1       191 0.00000E+00 0.00000E+00 0.00000E+00
 -1       192 0.00000E+00 0.00000E+00 0.00000E+00
 -1       193 0.00000E+00 0.00000E+00 0.00000E+00
 -1       194 0.00000E+00 0.00000E+00 0.00000E+00
 -1       195 0.00000E+00 0.00000E+00 0.00000E+00
 -1       196 0.00000E+00 0.00000E+00 0.00000E+00
 -1       197 0.00000E+00 0.00000E+00 0.00000E+00
 -1       198 0.00000E+00 0.00000E+00 0.00000E+00
 -1       199 0.00000E+00 0.00000E+00 0.00000E+00
 -1       200 0.00000E+00 0.00000E+00 0.00000E+00
 -1       201 0.00000E+00 0.00000E+00 0.00000E+00
 -1       202 0.00000E+00 0.00000E+00 0.00000E+00
 -1       203 0.00000E+00 0.00000E+00 0.00000E+00
 -1       204 0.00000E+00 0.00000E+00 0.00000E+00
 -1       205 0.00000E+00 0.00000E+00 0.00000E+00
 -1       206 0.00000E+00 0.00000E+00 0.00000E+00
 -1       207 0.00000E+00 0.00000E+00 0.00000E+00
 -1       208 0.00000E+00 0.00000E+00 0.00000E+00
 -1       209 0.00000E+00 0.00000E+00 0.00000E+00
 -1       210 0.00000E+00 0.00000E+00 0.00000E+00
 -1       211 0.00000E+00 0.00000E+00 0.00000E+00
 -1       212 0.00000E+00 0.00000E+00 0.00000E+00
 -1       213 0.00000E+00 0.00000E+00 0.00000E+00
 -1       214 0.00000E+00 0.00000E+00 0.00000E+00
 -1       215 0.00000E+00 0.00000E+00 0.00000E+00
 -1       216 0.00000E+00 0.00000E+00 0.00000E+00
 -1       217 0.00000E+00 0.00000E+00 0.00000E+00
 -1       218 0.00000E+00 0.00000E+00 0.00000E+00
 -1       219 0.00000E+00 0.00000E+00 0.00000E+00
 -1       220 0.00000E+00 0.00000E+00 0.00000E+00
 -1       221 0.00000E+00 0.00000E+00 0.00000E+00
 -1       222 0.00000E+00 0.00000E+00 0.00000E+00
 -1       223 0.00000E+00 0.00000E+00 0.00000E+00
 -1       224 0.00000E+00 0.00000E+00 0.00000E+00
 -1       225 0.00000E+00 0.00000E+00 0.00000E+00
 -1       226 0.00000E+00 0.00000E+00 0.00000E+00
 -1       227 0.00000E+00 0.00000E+00 0.00000E+00
 -1       228 0.00000E+00 0.00000E+00 0.00000E+00
 -1       229 0.00000E+00 0.00000E+00 0.00000E+00
 -1       230 0.00000E+00 0.00000E+00 0.00000E+00
 -1       231 0.00000E+00 0.00000E+00 0.00000E+00
 -1       232 0.00000E+00 0.00000E+00 0.00000E+00
 -1       233 0.00000E+00 0.00000E+00 0.00000E+00
 -1       234 0.00000E+00 0.00000E+00 0.00000E+00
 -1       235 0.00000E+00 0.00000E+00 0.00000E+00
 -1       236 0.00000E+00 0.00000E+00 0.00000E+00
 -1       237 0.00000E+00 0.00000E+00 0.00000E+00
 -1       238 0.00000E+00 0.00000E+00 0.00000E+00
 -1       239 0.00000E+00 0.00000E+00 0.00000E+00
 -1       240 0.00000E+00 0.00000E+00 0.00000E+00
 -1       241 0.00000E+00 0.00000E+00 0.00000E+00
 -1       242 0.00000E+00 0.00000E+00 0.00000E+00
 -1       243 0.00000E+00 0.00000E+00 0.00000E+00
 -1       244 0.00000E+00 0.00000E+00 0.00000E+00
 -1       245 0.00000E+00 0.00000E+00 0.00000E+00
 -1       246 0.00000E+00 0.00000E+00 0.00000E+00
 -1       247 0.00000E+00 0.00000E+00 0.00000E+00
 -1       248 0.00000E+00 0.00000E+00 0.00000E+00
 -1       249 0.00000E+00 0.00000E+00 0.00000E+00
 -1       250 0.00000E+00 0.00000E+00 0.00000E+00
 -1       251 0.00000E+00 0.00000E+00 0.00000E+00
 -1       252 0.00000E+00 0.00000E+00 0.00000E+00
 -1       253 0.00000E+00 0.00000E+00 0.00000E+00
 -1       254 0.00000E+00 0.00000E+00 0.00000E+00
 -1       255 0.00000E+00 0.00000E+00 0.00000E+00
 -1       256 0.00000E+00 0.00000E+00 0.00000E+00
 -1       257 0.00000E+00 0.00000E+00 0.00000E+00
 -1       258 0.00000E+00 0.00000E+00 0.00000E+00
 -1       259 0.00000E+00 0.00000E+00 0.00000E+00
 -1       260 0.00000E+00 0.00000E+00 0.00000E+00
 -1       261 0.00000E+00 0.00000E+00 0.00000E+00
 -1       262 0.00000E+00 0.00000E+00 0.00000E+00
 -1       263 0.00000E+00 0.00000E+00 0.00000E+00
 -1       264 0.00000E+00 0.00000E+00 0.00000E+00
 -1       265 0.00000E+00 0.00000E+00 0.00000E+00
 -1       266 0.00000E+00 0.00000E+00 0.00000E+00
 -1       267 0.00000E+00 0.00000E+00 0.00000E+00
 -1       268 0.00000E+00 0.00000E+00 0.00000E+00
 -1       269 0.00000E+00 0.00000E+00 0.00000E+00
 -1       270 0.00000E+00 0.00000E+00 0.00000E+00
 -1       271 0.00000E+00 0.00000E+00 0.00000E+00
 -1       272 0.00000E+00 0.00000E+00 0.00000E+00
 -1       273 0.00000E+00 0.00000E+00 0.00000E+00
 -1       274 0.00000E+00 0.00000E+00 0.00000E+00
 -1       275 0.00000E+00 0.00000E+00 0.00000E+00
 -1       276 0.00000E+00 0.00000E+00 0.00000E+00
 -1       277 0.00000E+00 0.00000E+00 0.00000E+00
 -1       278 0.00000E+00 0.00000E+00 0.00000E+00
 -1       279 0.00000E+00 0.00000E+00 0.00000E+00
 -1       280 0.00000E+00 0.00000E+00 0.00000E+00
 -1       281 0.00000E+00 0.00000E+00 0.00000E+00
 -1       282 0.00000E+00 0.00000E+00 0.00000E+00
 -1       283 0.00000E+00 0.00000E+00 0.00000E+00
 -1       284 0.00000E+00 0.00000E+00 0.00000E+00
 -1       285 0.00000E+00 0.00000E+00 0.00000E+00
 -1       286 0.00000E+00 0.00000E+00 0.00000E+00
 -1       287 0.00000E+00 0.00000E+00 0.00000E+00
 -1       288 0.00000E+00 0.00000E+00 0.00000E+00
 -1       289 0.00000E+00 0.00000E+00 0.00000E+00
 -1       290 0.00000E+00 0.00000E+00 0.00000E+00
 -1       291 0.00000E+00 0.00000E+00 0.00000E+00
 -1       292 0.00000E+00 0.00000E+00 0.00000E+00
 -1       293 0.00000E+00 0.00000E+00 0.00000E+00
 -1       294 0.00000E+00 0.00000E+00 0.00000E+00
 -1       295 0.00000E+00 0.00000E+00 0.00000E+00
 -1       296 0.00000E+00 0.00000E+00 0.00000E+00
 -1       297 0.00000E+00 0.00000E+00 0.00000E+00
 -1       298 0.00000E+00 0.00000E+00 0.00000E+00
 -1       299 0.00000E+00 0.00000E+00 0.00000E+00
 -1       300 0.00000E+00 0.00000E+00 0.00000E+00
 -1       301 0.00000E+00 0.00000E+00 0.00000E+00
 -1       302 0.00000E+00 0.00000E+00 0.00000E+00
 -1       303 0.00000E+00 0.00000E+00 0.00000E+00
 -1       304 0.00000E+00 0.00000E+00 0.00000E+00
 -1       305 0.00000E+00 0.00000E+00 0.00000E+00
 -1       306 0.00000E+00 0.00000E+00 0.00000E+00
 -1       307 0.00000E+00 0.00000E+00 0.00000E+00
 -1       308 0.00000E+00 0.00000E+00 0.00000E+00
 -1       309 0.00000E+00 0.00000E+00 0.00000E+00
 -1       310 0.00000E+00 0.00000E+00 0.00000E+00
 -1       311 0.00000E+00 0.00000E+00 0.00000E+00
 -1       312 0.00000E+00 0.00000E+00 0.00000E+00
 -1       313 0.00000E+00 0.00000E+00 0.00000E+00
 -1       314 0.00000E+00 0.00000E+00 0.00000E+00
 -1       315 0.00000E+00 0.00000E+00 0.00000E+00
 -1       316 0.00000E+00 0.00000E+00 0.00000E+00
 -1       317 0.00000E+00 0.00000E+00 0.00000E+00
 -1       318 0.00000E+00 0.00000E+00 0.00000E+00
 -1       319 0.00000E+00 0.00000E+00 0.00000E+00
 -1       320 0.00000E+00 0.00000E+00 0.00000E+00
 -1       321 0.00000E+00 0.00000E+00 0.00000E+00
 -1       322 0.00000E+00 0.00000E+00 0.00000E+00
 -1       323 0.00000E+00 0.00000E+00 0.00000E+00
 -1       324 0.00000E+00 0.00000E+00 0.00000E+00
 -1       325 0.00000E+00 0.00000E+00 0.00000E+00
 -1       326 0.00000E+00 0.00000E+00 0.00000E+00
 -1       327 0.00000E+00 0.00000E+00 0.00000E+00
 -1       328 0.00000E+00 0.00000E+00 0.00000E+00
 -1       329 0.00000E+00 0.00000E+00 0.00000E+00
 -1       330 0.00000E+00 0.00000E+00 0.00000E+00
 -1       331 0.00000E+00 0.00000E+00 0.00000E+00
 -1       332 0.00000E+00 0.00000E+00 0.00000E+00
 -1       333 0.00000E+00 0.00000E+00 0.00000E+00
 -1       334 0.00000E+00 0.00000E+00 0.00000E+00
 -1       335 0.00000E+00 0.00000E+00 0.00000E+00
 -1       336 0.00000E+00 0.00000E+00 0.00000E+00
 -1       337 0.00000E+00 0.00000E+00 0.00000E+00
 -1       338 0.00000E+00 0.00000E+00 0.00000E+00
 -1       339 0.00000E+00 0.00000E+00 0.00000E+00
 -1       340 0.00000E+00 0.00000E+00 0.00000E+00
 -1       341 0.00000E+00 0.00000E+00 0.00000E+00
 -1       342 0.00000E+00 0.00000E+00 0.00000E+00
 -1       343 0.00000E+00 0.00000E+00 0.00000E+00
 -1       344 0.00000E+00 0.00000E+00 0.00000E+00
 -1       345 0.00000E+00 0.00000E+00 0.00000E+00
 -1       346 0.00000E+00 0.00000E+00 0.00000E+00
 -1       347 0.00000E+00 0.00000E+00 0.00000E+00
 -1       348 0.00000E+00 0.00000E+00 0.00000E+00
 -1       349 0.00000E+00 0.00000E+00 0.00000E+00
 -1       350 0.00000E+00 0.00000E+00 0.00000E+00
 -1       351 0.00000E+00 0.00000E+00 0.00000E+00
 -1       352 0.00000E+00 0.00000E+00 0.00000E+00
 -1       353 0.00000E+00 0.00000E+00 0.00000E+00
 -1       354 0.00000E+00 0.00000E+00 0.00000E+00
 -1       355 0.00000E+00 0.00000E+00 0.00000E+00
 -1       356 0.00000E+00 0.00000E+00 0.00000E+00
 -1       357 0.00000E+00 0.00000E+00 0.00000E+00
 -1       358 0.00000E+00 0.00000E+00 0.00000E+00
 -1       359 0.00000E+00 0.00000E+00 0.00000E+00
 -1       360 0.00000E+00 0.00000E+00 0.00000E+00
 -1       361 0.00000E+00 0.00000E+00 0.00000E+00
 -1       362 0.00000E+00 0.00000E+00 0.00000E+00
 -1       363 0.00000E+00 0.00000E+00 0.00000E+00
 -1       364 0.00000E+00 0.00000E+00 0.00000E+00
 -1       365 0.00000E+00 0.00000E+00 0.00000E+00
 -1       366 0.00000E+00 0.00000E+00 0.00000E+00
 -1       367 0.00000E+00 0.00000E+00 0.00000E+00
 -1       368 0.00000E+00 0.00000E+00 0.00000E+00
 -1       369 0.00000E+00 0.00000E+00 0.00000E+00
 -1       370 0.00000E+00 0.00000E+00 0.00000E+00
 -1       371 0.00000E+00 0.00000E+00 0.00000E+00
 -1       372 0.00000E+00 0.00000E+00 0.00000E+00
 -1       373 0.00000E+00 0.00000E+00 0.00000E+00
 -1       374 0.00000E+00 0.00000E+00 0.00000E+00
 -1       375 0.00000E+00 0.00000E+00 0.00000E+00
 -1       376 0.00000E+00 0.00000E+00 0.00000E+00
 -1       377 0.00000E+00 0.00000E+00 0.00000E+00
 -1       378 0.00000E+00 0.00000E+00 0.00000E+00
 -1       379 0.00000E+00 0.00000E+00 0.00000E+00
 -1       380 0.00000E+00 0.00000E+00 0.00000E+00
 -1       381 0.00000E+00 0.00000E+00 0.00000E+00
 -1       382 0.00000E+00 0.00000E+00 0.00000E+00
 -1       383 0.00000E+00 0.00000E+00 0.00000E+00
 -1       384 0.00000E+00 0.00000E+00 0.00000E+00
 -1       385 0.00000E+00 0.00000E+00 0.00000E+00
 -1       386 0.00000E+00 0.00000E+00 0.00000E+00
 -1       387 0.00000E+00 0.00000E+00 0.00000E+00
 -1       388 0.00000E+00 0.00000E+00 0.00000E+00
 -1       389 0.00000E+00 0.00000E+00 0.00000E+00
 -1       390 0.00000E+00 0.00000E+00 0.00000E+00
 -1       391 0.00000E+00 0.00000E+00 0.00000E+00
 -1       392 0.00000E+00 0.00000E+00 0.00000E+00
 -1       393 0.00000E+00 0.00000E+00 0.00000E+00
 -1       394 0.00000E+00 0.00000E+00 0.00000E+00
 -1       395 0.00000E+00 0.00000E+00 0.00000E+00
 -1       396 0.00000E+00 0.00000E+00 0.00000E+00
 -1       397 0.00000E+00 0.00000E+00 0.00000E+00
 -1       398 0.00000E+00 0.00000E+00 0.00000E+00
 -1       399 0.00000E+00 0.00000E+00 0.00000E+00
 -1       400 0.00000E+00 0.00000E+00 0.00000E+00
 -1       401 0.00000E+00 0.00000E+00 0.00000E+00
 -3
