SUMMARY OF C0NVERGENCE INFORMATION
  STEP   INC  ATT   ITER     CONT.   RESID.        CORR.      RESID.      CORR.
                              EL.    FORCE         DISP       FLUX        TEMP.
                              (#)     (%)           (%)        (%)         (%)
     1     1     1     1        0  0.6730E+04  0.1000E+03  0.0000E+00  0.0000E+00
     1     1     1     2      692  0.1267E+05  0.2090E+02  0.0000E+00  0.0000E+00
     1     1     1     3      708  0.1270E+05  0.1898E+02  0.0000E+00  0.0000E+00
     1     1     1     4      720  0.1266E+05  0.1964E+02  0.0000E+00  0.0000E+00
     1     1     1     5      732  0.1263E+05  0.2033E+02  0.0000E+00  0.0000E+00
     1     1     1     6      740  0.1254E+05  0.2103E+02  0.0000E+00  0.0000E+00
     1     1     1     7      744  0.1240E+05  0.2176E+02  0.0000E+00  0.0000E+00
     1     1     1     8      750  0.1230E+05  0.2252E+02  0.0000E+00  0.0000E+00
     1     1     1     9      758  0.1223E+05  0.2330E+02  0.0000E+00  0.0000E+00
     1     1     1    10      760  0.1209E+05  0.2411E+02  0.0000E+00  0.0000E+00
     1     1     1    11      764  0.1198E+05  0.2495E+02  0.0000E+00  0.0000E+00
     1     1     1    12      770  0.1191E+05  0.2582E+02  0.0000E+00  0.0000E+00
     1     1     1    13      776  0.1184E+05  0.2673E+02  0.0000E+00  0.0000E+00
     1     1     1    14      782  0.1177E+05  0.2766E+02  0.0000E+00  0.0000E+00
     1     1     1    15      790  0.1174E+05  0.2863E+02  0.0000E+00  0.0000E+00
     1     1     1    16      800  0.1173E+05  0.2964E+02  0.0000E+00  0.0000E+00
     1     1     1    17      812  0.1176E+05  0.3069E+02  0.0000E+00  0.0000E+00
     1     1     1    18      812  0.1164E+05  0.3176E+02  0.0000E+00  0.0000E+00
     1     1     1    19      812  0.1152E+05  0.3288E+02  0.0000E+00  0.0000E+00
     1     1     1    20      812  0.1141E+05  0.3404E+02  0.0000E+00  0.0000E+00
     1     1     1    21      812  0.1131E+05  0.3524E+02  0.0000E+00  0.0000E+00
     1     1     1    22      812  0.1121E+05  0.3649E+02  0.0000E+00  0.0000E+00
     1     1     1    23      812  0.1111E+05  0.3779E+02  0.0000E+00  0.0000E+00
     1     1     1    24      812  0.1102E+05  0.3913E+02  0.0000E+00  0.0000E+00
     1     1     1    25      812  0.1093E+05  0.4052E+02  0.0000E+00  0.0000E+00
     1     1     1    26      812  0.1085E+05  0.4197E+02  0.0000E+00  0.0000E+00
     1     1     1    27      812  0.1077E+05  0.4347E+02  0.0000E+00  0.0000E+00
     1     1     1    28      812  0.1069E+05  0.4503E+02  0.0000E+00  0.0000E+00
     1     1     1    29      812  0.1062E+05  0.4664E+02  0.0000E+00  0.0000E+00
     1     1     1    30      812  0.1055E+05  0.4832E+02  0.0000E+00  0.0000E+00
     1     1     1    31      812  0.1048E+05  0.5006E+02  0.0000E+00  0.0000E+00
     1     1     1    32      812  0.1042E+05  0.5187E+02  0.0000E+00  0.0000E+00
     1     1     1    33      812  0.1036E+05  0.5375E+02  0.0000E+00  0.0000E+00
     1     1     1    34      812  0.1030E+05  0.5570E+02  0.0000E+00  0.0000E+00
     1     1     1    35      812  0.1024E+05  0.5773E+02  0.0000E+00  0.0000E+00
     1     1     1    36      812  0.1019E+05  0.5983E+02  0.0000E+00  0.0000E+00
     1     1     1    37      812  0.1014E+05  0.6201E+02  0.0000E+00  0.0000E+00
     1     1     1    38      812  0.1009E+05  0.6428E+02  0.0000E+00  0.0000E+00
     1     1     1    39      812  0.1004E+05  0.6663E+02  0.0000E+00  0.0000E+00
     1     1     1    40      812  0.9997E+04  0.6907E+02  0.0000E+00  0.0000E+00
     1     1     1    41      812  0.9953E+04  0.7161E+02  0.0000E+00  0.0000E+00
     1     1     1    42      812  0.9912E+04  0.7425E+02  0.0000E+00  0.0000E+00
     1     1     1    43      812  0.9872E+04  0.7698E+02  0.0000E+00  0.0000E+00
     1     1     1    44      812  0.9833E+04  0.7983E+02  0.0000E+00  0.0000E+00
     1     1     1    45      812  0.9797E+04  0.8278E+02  0.0000E+00  0.0000E+00
     1     1     1    46      812  0.9761E+04  0.8585E+02  0.0000E+00  0.0000E+00
     1     1     1    47      812  0.9728E+04  0.8903E+02  0.0000E+00  0.0000E+00
     1     1     1    48      812  0.9695E+04  0.9234E+02  0.0000E+00  0.0000E+00
     1     1     1    49      812  0.9663E+04  0.9578E+02  0.0000E+00  0.0000E+00
     1     1     1    50      812  0.9633E+04  0.9935E+02  0.0000E+00  0.0000E+00
     1     1     1    51      812  0.9604E+04  0.1000E+03  0.0000E+00  0.0000E+00
     1     1     1    52      812  0.9576E+04  0.1000E+03  0.0000E+00  0.0000E+00
     1     1     1    53      812  0.9549E+04  0.1000E+03  0.0000E+00  0.0000E+00
     1     1     1    54      812  0.9522E+04  0.1000E+03  0.0000E+00  0.0000E+00
     1     1     1    55      812  0.9497E+04  0.1000E+03  0.0000E+00  0.0000E+00
     1     1     1    56      812  0.9472E+04  0.1000E+03  0.0000E+00  0.0000E+00
     1     1     1    57      812  0.9449E+04  0.1000E+03  0.0000E+00  0.0000E+00
     1     1     1    58      812  0.9426E+04  0.1000E+03  0.0000E+00  0.0000E+00
     1     1     1    59      812  0.9403E+04  0.1000E+03  0.0000E+00  0.0000E+00
     1     1     1    60      812  0.9382E+04  0.1000E+03  0.0000E+00  0.0000E+00
     1     1     2     1        0  0.6730E+04  0.1000E+03  0.0000E+00  0.0000E+00
     1     1     2     2      692  0.2164E+04  0.8658E+01  0.0000E+00  0.0000E+00
     1     1     2     3      720  0.1024E+04  0.6195E+01  0.0000E+00  0.0000E+00
     1     1     2     4      746  0.6213E+03  0.4631E+01  0.0000E+00  0.0000E+00
     1     1     2     5      760  0.4099E+03  0.3493E+01  0.0000E+00  0.0000E+00
     1     1     2     6      766  0.2841E+03  0.2660E+01  0.0000E+00  0.0000E+00
     1     1     2     7      772  0.2033E+03  0.2030E+01  0.0000E+00  0.0000E+00
     1     1     2     8      778  0.1489E+03  0.1554E+01  0.0000E+00  0.0000E+00
     1     1     2     9      782  0.1105E+03  0.1192E+01  0.0000E+00  0.0000E+00
     1     1     2    10      784  0.8277E+02  0.9162E+00  0.0000E+00  0.0000E+00
     1     1     2    11      790  0.6266E+02  0.7037E+00  0.0000E+00  0.0000E+00
     1     1     2    12      794  0.4764E+02  0.5412E+00  0.0000E+00  0.0000E+00
     1     1     2    13      796  0.3629E+02  0.4163E+00  0.0000E+00  0.0000E+00
     1     1     2    14      796  0.2768E+02  0.3205E+00  0.0000E+00  0.0000E+00
     1     1     2    15      796  0.2117E+02  0.2468E+00  0.0000E+00  0.0000E+00
     1     1     2    16      798  0.1624E+02  0.1900E+00  0.0000E+00  0.0000E+00
     1     1     2    17      798  0.1246E+02  0.1463E+00  0.0000E+00  0.0000E+00
     1     1     2    18      798  0.9565E+01  0.1127E+00  0.0000E+00  0.0000E+00
     1     1     2    19      798  0.7349E+01  0.8679E-01  0.0000E+00  0.0000E+00
     1     1     2    20      798  0.5650E+01  0.6685E-01  0.0000E+00  0.0000E+00
     1     1     2    21      798  0.4345E+01  0.5149E-01  0.0000E+00  0.0000E+00
     1     1     2    22      798  0.3343E+01  0.3966E-01  0.0000E+00  0.0000E+00
     1     1     2    23      798  0.2573E+01  0.3054E-01  0.0000E+00  0.0000E+00
     1     1     2    24      798  0.1980E+01  0.2352E-01  0.0000E+00  0.0000E+00
     1     1     2    25      798  0.1243E+05  0.2793E+02  0.0000E+00  0.0000E+00
     1     1     2    26      812  0.1247E+05  0.2552E+02  0.0000E+00  0.0000E+00
     1     1     2    27      812  0.1232E+05  0.2644E+02  0.0000E+00  0.0000E+00
     1     1     2    28      812  0.1218E+05  0.2738E+02  0.0000E+00  0.0000E+00
     1     1     2    29      812  0.1204E+05  0.2836E+02  0.0000E+00  0.0000E+00
     1     1     2    30      812  0.1191E+05  0.2937E+02  0.0000E+00  0.0000E+00
     1     1     2    31      812  0.1178E+05  0.3042E+02  0.0000E+00  0.0000E+00
     1     1     2    32      812  0.1166E+05  0.3150E+02  0.0000E+00  0.0000E+00
     1     1     2    33      812  0.1154E+05  0.3263E+02  0.0000E+00  0.0000E+00
     1     1     2    34      812  0.1143E+05  0.3379E+02  0.0000E+00  0.0000E+00
     1     1     2    35      812  0.1132E+05  0.3500E+02  0.0000E+00  0.0000E+00
     1     1     2    36      812  0.1122E+05  0.3626E+02  0.0000E+00  0.0000E+00
     1     1     2    37      812  0.1112E+05  0.3756E+02  0.0000E+00  0.0000E+00
     1     1     2    38      812  0.1103E+05  0.3891E+02  0.0000E+00  0.0000E+00
     1     1     2    39      812  0.1094E+05  0.4032E+02  0.0000E+00  0.0000E+00
     1     1     2    40      812  0.1085E+05  0.4177E+02  0.0000E+00  0.0000E+00
     1     1     2    41      812  0.1077E+05  0.4329E+02  0.0000E+00  0.0000E+00
     1     1     2    42      812  0.1069E+05  0.4486E+02  0.0000E+00  0.0000E+00
     1     1     2    43      812  0.1062E+05  0.4649E+02  0.0000E+00  0.0000E+00
     1     1     2    44      812  0.1055E+05  0.4818E+02  0.0000E+00  0.0000E+00
     1     1     2    45      812  0.1048E+05  0.4994E+02  0.0000E+00  0.0000E+00
     1     1     2    46      812  0.1041E+05  0.5176E+02  0.0000E+00  0.0000E+00
     1     1     2    47      812  0.1035E+05  0.5366E+02  0.0000E+00  0.0000E+00
     1     1     2    48      812  0.1029E+05  0.5562E+02  0.0000E+00  0.0000E+00
     1     1     2    49      812  0.1023E+05  0.5767E+02  0.0000E+00  0.0000E+00
     1     1     2    50      812  0.1018E+05  0.5979E+02  0.0000E+00  0.0000E+00
     1     1     2    51      812  0.1013E+05  0.6199E+02  0.0000E+00  0.0000E+00
     1     1     2    52      812  0.1008E+05  0.6428E+02  0.0000E+00  0.0000E+00
     1     1     2    53      812  0.1003E+05  0.6666E+02  0.0000E+00  0.0000E+00
     1     1     2    54      812  0.9982E+04  0.6913E+02  0.0000E+00  0.0000E+00
     1     1     2    55      812  0.9937E+04  0.7169E+02  0.0000E+00  0.0000E+00
     1     1     2    56      812  0.9895E+04  0.7436E+02  0.0000E+00  0.0000E+00
     1     1     2    57      812  0.9854E+04  0.7712E+02  0.0000E+00  0.0000E+00
     1     1     2    58      812  0.9814E+04  0.8000E+02  0.0000E+00  0.0000E+00
     1     1     2    59      812  0.9776E+04  0.8298E+02  0.0000E+00  0.0000E+00
     1     1     2    60      812  0.9740E+04  0.8609E+02  0.0000E+00  0.0000E+00
     1     1     3     1        0  0.6730E+04  0.1000E+03  0.0000E+00  0.0000E+00
     1     1     3     2      182  0.8888E+03  0.9016E+01  0.0000E+00  0.0000E+00
     1     1     3     3      182  0.3623E+03  0.5575E+01  0.0000E+00  0.0000E+00
     1     1     3     4      182  0.1863E+03  0.3462E+01  0.0000E+00  0.0000E+00
     1     1     3     5      182  0.1045E+03  0.2150E+01  0.0000E+00  0.0000E+00
     1     1     3     6      182  0.6124E+02  0.1335E+01  0.0000E+00  0.0000E+00
     1     1     3     7      182  0.3674E+02  0.8287E+00  0.0000E+00  0.0000E+00
     1     1     3     8      182  0.2234E+02  0.5146E+00  0.0000E+00  0.0000E+00
     1     1     3     9      182  0.1370E+02  0.3195E+00  0.0000E+00  0.0000E+00
     1     1     3    10      182  0.8437E+01  0.1984E+00  0.0000E+00  0.0000E+00
     1     1     3    11      182  0.5214E+01  0.1232E+00  0.0000E+00  0.0000E+00
     1     1     3    12      182  0.3228E+01  0.7648E-01  0.0000E+00  0.0000E+00
     1     1     3    13      182  0.2000E+01  0.4749E-01  0.0000E+00  0.0000E+00
     1     1     3    14      182  0.1241E+01  0.2949E-01  0.0000E+00  0.0000E+00
     1     1     3    15      182  0.6094E+04  0.2590E+02  0.0000E+00  0.0000E+00
     1     1     3    16      230  0.6933E+04  0.2346E+02  0.0000E+00  0.0000E+00
     1     1     3    17      234  0.6880E+04  0.2423E+02  0.0000E+00  0.0000E+00
     1     1     3    18      234  0.6748E+04  0.2505E+02  0.0000E+00  0.0000E+00
     1     1     3    19      240  0.6720E+04  0.2583E+02  0.0000E+00  0.0000E+00
     1     1     3    20      250  0.6756E+04  0.2662E+02  0.0000E+00  0.0000E+00
     1     1     3    21      252  0.6655E+04  0.2748E+02  0.0000E+00  0.0000E+00
     1     1     3    22      256  0.6598E+04  0.2838E+02  0.0000E+00  0.0000E+00
     1     1     3    23      276  0.6811E+04  0.2928E+02  0.0000E+00  0.0000E+00
     1     1     3    24      292  0.6954E+04  0.3022E+02  0.0000E+00  0.0000E+00
     1     1     3    25      296  0.6899E+04  0.3120E+02  0.0000E+00  0.0000E+00
     1     1     3    26      302  0.6876E+04  0.3220E+02  0.0000E+00  0.0000E+00
     1     1     3    27      302  0.6767E+04  0.3327E+02  0.0000E+00  0.0000E+00
     1     1     3    28      304  0.6695E+04  0.3436E+02  0.0000E+00  0.0000E+00
     1     1     3    29      312  0.6714E+04  0.3547E+02  0.0000E+00  0.0000E+00
     1     1     3    30      314  0.6645E+04  0.3664E+02  0.0000E+00  0.0000E+00
     1     1     3    31      316  0.6583E+04  0.3786E+02  0.0000E+00  0.0000E+00
     1     1     3    32      324  0.6611E+04  0.3911E+02  0.0000E+00  0.0000E+00
     1     1     3    33      344  0.6814E+04  0.4041E+02  0.0000E+00  0.0000E+00
     1     1     3    34      388  0.7357E+04  0.4176E+02  0.0000E+00  0.0000E+00
     1     1     3    35      422  0.7747E+04  0.4315E+02  0.0000E+00  0.0000E+00
     1     1     3    36      442  0.7936E+04  0.4459E+02  0.0000E+00  0.0000E+00
     1     1     3    37      454  0.8012E+04  0.4608E+02  0.0000E+00  0.0000E+00
     1     1     3    38      466  0.8088E+04  0.4762E+02  0.0000E+00  0.0000E+00
     1     1     3    39      470  0.8057E+04  0.4922E+02  0.0000E+00  0.0000E+00
     1     1     3    40      480  0.8109E+04  0.5087E+02  0.0000E+00  0.0000E+00
     1     1     3    41      490  0.8161E+04  0.5258E+02  0.0000E+00  0.0000E+00
     1     1     3    42      500  0.8213E+04  0.5435E+02  0.0000E+00  0.0000E+00
     1     1     3    43      508  0.8241E+04  0.5618E+02  0.0000E+00  0.0000E+00
     1     1     3    44      518  0.8294E+04  0.5809E+02  0.0000E+00  0.0000E+00
     1     1     3    45      524  0.8297E+04  0.6006E+02  0.0000E+00  0.0000E+00
     1     1     3    46      526  0.8251E+04  0.6209E+02  0.0000E+00  0.0000E+00
     1     1     3    47      528  0.8208E+04  0.6420E+02  0.0000E+00  0.0000E+00
     1     1     3    48      536  0.8240E+04  0.6640E+02  0.0000E+00  0.0000E+00
     1     1     3    49      538  0.8200E+04  0.6867E+02  0.0000E+00  0.0000E+00
     1     1     3    50      540  0.8162E+04  0.7101E+02  0.0000E+00  0.0000E+00
     1     1     3    51      552  0.8247E+04  0.7346E+02  0.0000E+00  0.0000E+00
     1     1     3    52      596  0.8717E+04  0.7599E+02  0.0000E+00  0.0000E+00
     1     1     3    53      656  0.9374E+04  0.7862E+02  0.0000E+00  0.0000E+00
     1     1     3    54      676  0.9548E+04  0.8134E+02  0.0000E+00  0.0000E+00
     1     1     3    55      680  0.9533E+04  0.8416E+02  0.0000E+00  0.0000E+00
     1     1     3    56      682  0.9495E+04  0.8708E+02  0.0000E+00  0.0000E+00
     1     1     3    57      690  0.9530E+04  0.9012E+02  0.0000E+00  0.0000E+00
     1     1     3    58      692  0.9495E+04  0.9325E+02  0.0000E+00  0.0000E+00
     1     1     3    59      698  0.9509E+04  0.9650E+02  0.0000E+00  0.0000E+00
     1     1     3    60      708  0.9569E+04  0.9986E+02  0.0000E+00  0.0000E+00
     1     1     4     1        0  0.6730E+04  0.1000E+03  0.0000E+00  0.0000E+00
     1     1     4     2      182  0.8889E+03  0.8968E+01  0.0000E+00  0.0000E+00
     1     1     4     3      182  0.3623E+03  0.5546E+01  0.0000E+00  0.0000E+00
     1     1     4     4      182  0.1864E+03  0.3444E+01  0.0000E+00  0.0000E+00
     1     1     4     5      182  0.1045E+03  0.2138E+01  0.0000E+00  0.0000E+00
     1     1     4     6      182  0.6125E+02  0.1328E+01  0.0000E+00  0.0000E+00
     1     1     4     7      182  0.3674E+02  0.8244E+00  0.0000E+00  0.0000E+00
     1     1     4     8      182  0.2234E+02  0.5119E+00  0.0000E+00  0.0000E+00
     1     1     4     9      182  0.1370E+02  0.3178E+00  0.0000E+00  0.0000E+00
     1     1     4    10      182  0.8438E+01  0.1973E+00  0.0000E+00  0.0000E+00
     1     1     4    11      182  0.5214E+01  0.1225E+00  0.0000E+00  0.0000E+00
     1     1     4    12      182  0.3228E+01  0.7608E-01  0.0000E+00  0.0000E+00
     1     1     4    13      182  0.2000E+01  0.4724E-01  0.0000E+00  0.0000E+00
     1     1     4    14      182  0.1241E+01  0.2933E-01  0.0000E+00  0.0000E+00
     1     1     4    15      182  0.6097E+04  0.2576E+02  0.0000E+00  0.0000E+00
     1     1     4    16      182  0.6035E+04  0.2392E+02  0.0000E+00  0.0000E+00
     1     1     4    17      182  0.5974E+04  0.2487E+02  0.0000E+00  0.0000E+00
     1     1     4    18      182  0.5916E+04  0.2585E+02  0.0000E+00  0.0000E+00
     1     1     4    19      182  0.5860E+04  0.2687E+02  0.0000E+00  0.0000E+00
     1     1     4    20      182  0.5807E+04  0.2792E+02  0.0000E+00  0.0000E+00
     1     1     4    21      182  0.5756E+04  0.2901E+02  0.0000E+00  0.0000E+00
     1     1     4    22      182  0.5708E+04  0.3015E+02  0.0000E+00  0.0000E+00
     1     1     4    23      182  0.5662E+04  0.3132E+02  0.0000E+00  0.0000E+00
     1     1     4    24      182  0.5618E+04  0.3254E+02  0.0000E+00  0.0000E+00
     1     1     4    25      182  0.5576E+04  0.3381E+02  0.0000E+00  0.0000E+00
     1     1     4    26      182  0.5536E+04  0.3513E+02  0.0000E+00  0.0000E+00
     1     1     4    27      182  0.5499E+04  0.3650E+02  0.0000E+00  0.0000E+00
     1     1     4    28      182  0.5463E+04  0.3792E+02  0.0000E+00  0.0000E+00
     1     1     4    29      182  0.5428E+04  0.3939E+02  0.0000E+00  0.0000E+00
     1     1     4    30      182  0.5395E+04  0.4093E+02  0.0000E+00  0.0000E+00
     1     1     4    31      182  0.5364E+04  0.4252E+02  0.0000E+00  0.0000E+00
     1     1     4    32      182  0.5335E+04  0.4417E+02  0.0000E+00  0.0000E+00
     1     1     4    33      182  0.5306E+04  0.4589E+02  0.0000E+00  0.0000E+00
     1     1     4    34      182  0.5279E+04  0.4768E+02  0.0000E+00  0.0000E+00
     1     1     4    35      182  0.5254E+04  0.4953E+02  0.0000E+00  0.0000E+00
     1     1     4    36      182  0.5229E+04  0.5146E+02  0.0000E+00  0.0000E+00
     1     1     4    37      182  0.5206E+04  0.5346E+02  0.0000E+00  0.0000E+00
     1     1     4    38      186  0.5248E+04  0.5540E+02  0.0000E+00  0.0000E+00
     1     1     4    39      214  0.5676E+04  0.5668E+02  0.0000E+00  0.0000E+00
     1     1     4    40      224  0.5796E+04  0.5850E+02  0.0000E+00  0.0000E+00
     1     1     4    41      234  0.5899E+04  0.6017E+02  0.0000E+00  0.0000E+00
     1     1     4    42      234  0.5836E+04  0.6218E+02  0.0000E+00  0.0000E+00
     1     1     4    43      240  0.5859E+04  0.6411E+02  0.0000E+00  0.0000E+00
     1     1     4    44      250  0.5938E+04  0.6606E+02  0.0000E+00  0.0000E+00
     1     1     4    45      252  0.5893E+04  0.6820E+02  0.0000E+00  0.0000E+00
     1     1     4    46      258  0.5911E+04  0.7041E+02  0.0000E+00  0.0000E+00
     1     1     4    47      280  0.6166E+04  0.7261E+02  0.0000E+00  0.0000E+00
     1     1     4    48      294  0.6297E+04  0.7495E+02  0.0000E+00  0.0000E+00
     1     1     4    49      300  0.6305E+04  0.7733E+02  0.0000E+00  0.0000E+00
     1     1     4    50      302  0.6257E+04  0.7985E+02  0.0000E+00  0.0000E+00
     1     1     4    51      304  0.6213E+04  0.8245E+02  0.0000E+00  0.0000E+00
     1     1     4    52      304  0.6145E+04  0.8520E+02  0.0000E+00  0.0000E+00
     1     1     4    53      312  0.6189E+04  0.8796E+02  0.0000E+00  0.0000E+00
     1     1     4    54      314  0.6150E+04  0.9087E+02  0.0000E+00  0.0000E+00
     1     1     4    55      318  0.6142E+04  0.9387E+02  0.0000E+00  0.0000E+00
     1     1     4    56      328  0.6216E+04  0.9698E+02  0.0000E+00  0.0000E+00
     1     1     4    57      352  0.6479E+04  0.1000E+03  0.0000E+00  0.0000E+00
     1     1     4    58      404  0.7113E+04  0.1000E+03  0.0000E+00  0.0000E+00
     1     1     4    59      426  0.7338E+04  0.1000E+03  0.0000E+00  0.0000E+00
     1     1     4    60      448  0.7561E+04  0.1000E+03  0.0000E+00  0.0000E+00
     1     1     5     1        0  0.6730E+04  0.1000E+03  0.0000E+00  0.0000E+00
     1     1     5     2      182  0.8892E+03  0.8874E+01  0.0000E+00  0.0000E+00
     1     1     5     3      182  0.3624E+03  0.5487E+01  0.0000E+00  0.0000E+00
     1     1     5     4      182  0.1864E+03  0.3407E+01  0.0000E+00  0.0000E+00
     1     1     5     5      182  0.1046E+03  0.2116E+01  0.0000E+00  0.0000E+00
     1     1     5     6      182  0.6125E+02  0.1314E+01  0.0000E+00  0.0000E+00
     1     1     5     7      182  0.3674E+02  0.8157E+00  0.0000E+00  0.0000E+00
     1     1     5     8      182  0.2234E+02  0.5065E+00  0.0000E+00  0.0000E+00
     1     1     5     9      182  0.1370E+02  0.3145E+00  0.0000E+00  0.0000E+00
     1     1     5    10      182  0.8439E+01  0.1953E+00  0.0000E+00  0.0000E+00
     1     1     5    11      182  0.5215E+01  0.1212E+00  0.0000E+00  0.0000E+00
     1     1     5    12      182  0.3228E+01  0.7528E-01  0.0000E+00  0.0000E+00
     1     1     5    13      182  0.2001E+01  0.4674E-01  0.0000E+00  0.0000E+00
     1     1     5    14      182  0.1241E+01  0.2902E-01  0.0000E+00  0.0000E+00
     1     1     5    15      182  0.6101E+04  0.2548E+02  0.0000E+00  0.0000E+00
     1     1     5    16      182  0.6039E+04  0.2367E+02  0.0000E+00  0.0000E+00
     1     1     5    17      182  0.5979E+04  0.2461E+02  0.0000E+00  0.0000E+00
     1     1     5    18      182  0.5920E+04  0.2558E+02  0.0000E+00  0.0000E+00
     1     1     5    19      182  0.5864E+04  0.2659E+02  0.0000E+00  0.0000E+00
     1     1     5    20      182  0.5811E+04  0.2763E+02  0.0000E+00  0.0000E+00
     1     1     5    21      182  0.5760E+04  0.2871E+02  0.0000E+00  0.0000E+00
     1     1     5    22      182  0.5711E+04  0.2983E+02  0.0000E+00  0.0000E+00
     1     1     5    23      182  0.5665E+04  0.3099E+02  0.0000E+00  0.0000E+00
     1     1     5    24      182  0.5621E+04  0.3220E+02  0.0000E+00  0.0000E+00
     1     1     5    25      182  0.5579E+04  0.3346E+02  0.0000E+00  0.0000E+00
     1     1     5    26      182  0.5539E+04  0.3476E+02  0.0000E+00  0.0000E+00
     1     1     5    27      182  0.5501E+04  0.3611E+02  0.0000E+00  0.0000E+00
     1     1     5    28      182  0.5465E+04  0.3752E+02  0.0000E+00  0.0000E+00
     1     1     5    29      182  0.5430E+04  0.3898E+02  0.0000E+00  0.0000E+00
     1     1     5    30      182  0.5397E+04  0.4049E+02  0.0000E+00  0.0000E+00
     1     1     5    31      182  0.5366E+04  0.4207E+02  0.0000E+00  0.0000E+00
     1     1     5    32      182  0.5336E+04  0.4371E+02  0.0000E+00  0.0000E+00
     1     1     5    33      182  0.5308E+04  0.4541E+02  0.0000E+00  0.0000E+00
     1     1     5    34      182  0.5281E+04  0.4717E+02  0.0000E+00  0.0000E+00
     1     1     5    35      182  0.5255E+04  0.4901E+02  0.0000E+00  0.0000E+00
     1     1     5    36      182  0.5231E+04  0.5091E+02  0.0000E+00  0.0000E+00
     1     1     5    37      182  0.5207E+04  0.5290E+02  0.0000E+00  0.0000E+00
     1     1     5    38      182  0.5185E+04  0.5495E+02  0.0000E+00  0.0000E+00
     1     1     5    39      182  0.5163E+04  0.5709E+02  0.0000E+00  0.0000E+00
     1     1     5    40      182  0.5143E+04  0.5931E+02  0.0000E+00  0.0000E+00
     1     1     5    41      182  0.5124E+04  0.6162E+02  0.0000E+00  0.0000E+00
     1     1     5    42      182  0.5105E+04  0.6402E+02  0.0000E+00  0.0000E+00
     1     1     5    43      182  0.5087E+04  0.6651E+02  0.0000E+00  0.0000E+00
     1     1     5    44      182  0.5070E+04  0.6909E+02  0.0000E+00  0.0000E+00
     1     1     5    45      182  0.5054E+04  0.7178E+02  0.0000E+00  0.0000E+00
     1     1     5    46      182  0.5038E+04  0.7457E+02  0.0000E+00  0.0000E+00
     1     1     5    47      182  0.5023E+04  0.7748E+02  0.0000E+00  0.0000E+00
     1     1     5    48      182  0.5009E+04  0.8049E+02  0.0000E+00  0.0000E+00
     1     1     5    49      182  0.4995E+04  0.8362E+02  0.0000E+00  0.0000E+00
     1     1     5    50      182  0.4982E+04  0.8687E+02  0.0000E+00  0.0000E+00
     1     1     5    51      182  0.4970E+04  0.9025E+02  0.0000E+00  0.0000E+00
     1     1     5    52      182  0.4958E+04  0.9377E+02  0.0000E+00  0.0000E+00
     1     1     5    53      182  0.4946E+04  0.9741E+02  0.0000E+00  0.0000E+00
     1     1     5    54      182  0.4935E+04  0.1000E+03  0.0000E+00  0.0000E+00
     1     1     5    55      182  0.4924E+04  0.1000E+03  0.0000E+00  0.0000E+00
     1     1     5    56      182  0.4914E+04  0.1000E+03  0.0000E+00  0.0000E+00
     1     1     5    57      182  0.4905E+04  0.1000E+03  0.0000E+00  0.0000E+00
     1     1     5    58      182  0.4895E+04  0.1000E+03  0.0000E+00  0.0000E+00
     1     1     5    59      194  0.5070E+04  0.1000E+03  0.0000E+00  0.0000E+00
     1     1     5    60      218  0.5421E+04  0.1000E+03  0.0000E+00  0.0000E+00
     1     1     6     1        0  0.3667E-01  0.1000E+03  0.0000E+00  0.0000E+00
     1     1     6     2      182  0.8897E+03  0.8684E+01  0.0000E+00  0.0000E+00
     1     1     6     3      182  0.3625E+03  0.5370E+01  0.0000E+00  0.0000E+00
     1     1     6     4      182  0.1864E+03  0.3335E+01  0.0000E+00  0.0000E+00
     1     1     6     5      182  0.1046E+03  0.2071E+01  0.0000E+00  0.0000E+00
     1     1     6     6      182  0.6127E+02  0.1286E+01  0.0000E+00  0.0000E+00
     1     1     6     7      182  0.3675E+02  0.7983E+00  0.0000E+00  0.0000E+00
     1     1     6     8      182  0.2235E+02  0.4957E+00  0.0000E+00  0.0000E+00
     1     1     6     9      182  0.1370E+02  0.3078E+00  0.0000E+00  0.0000E+00
     1     1     6    10      182  0.8441E+01  0.1911E+00  0.0000E+00  0.0000E+00
     1     1     6    11      182  0.5216E+01  0.1186E+00  0.0000E+00  0.0000E+00
     1     1     6    12      182  0.3229E+01  0.7367E-01  0.0000E+00  0.0000E+00
     1     1     6    13      182  0.2001E+01  0.4574E-01  0.0000E+00  0.0000E+00
     1     1     6    14      182  0.1241E+01  0.2840E-01  0.0000E+00  0.0000E+00
     1     1     6    15      182  0.6111E+04  0.2492E+02  0.0000E+00  0.0000E+00
     1     1     6    16      182  0.6048E+04  0.2317E+02  0.0000E+00  0.0000E+00
     1     1     6    17      182  0.5987E+04  0.2408E+02  0.0000E+00  0.0000E+00
     1     1     6    18      182  0.5928E+04  0.2503E+02  0.0000E+00  0.0000E+00
     1     1     6    19      182  0.5872E+04  0.2602E+02  0.0000E+00  0.0000E+00
     1     1     6    20      182  0.5818E+04  0.2704E+02  0.0000E+00  0.0000E+00
     1     1     6    21      182  0.5766E+04  0.2810E+02  0.0000E+00  0.0000E+00
     1     1     6    22      182  0.5718E+04  0.2919E+02  0.0000E+00  0.0000E+00
     1     1     6    23      182  0.5671E+04  0.3033E+02  0.0000E+00  0.0000E+00
     1     1     6    24      182  0.5626E+04  0.3151E+02  0.0000E+00  0.0000E+00
     1     1     6    25      182  0.5584E+04  0.3274E+02  0.0000E+00  0.0000E+00
     1     1     6    26      182  0.5544E+04  0.3402E+02  0.0000E+00  0.0000E+00
     1     1     6    27      182  0.5506E+04  0.3534E+02  0.0000E+00  0.0000E+00
     1     1     6    28      182  0.5470E+04  0.3672E+02  0.0000E+00  0.0000E+00
     1     1     6    29      182  0.5435E+04  0.3815E+02  0.0000E+00  0.0000E+00
     1     1     6    30      182  0.5402E+04  0.3963E+02  0.0000E+00  0.0000E+00
     1     1     6    31      182  0.5370E+04  0.4117E+02  0.0000E+00  0.0000E+00
     1     1     6    32      182  0.5340E+04  0.4277E+02  0.0000E+00  0.0000E+00
     1     1     6    33      182  0.5312E+04  0.4444E+02  0.0000E+00  0.0000E+00
     1     1     6    34      182  0.5284E+04  0.4617E+02  0.0000E+00  0.0000E+00
     1     1     6    35      182  0.5258E+04  0.4796E+02  0.0000E+00  0.0000E+00
     1     1     6    36      182  0.5234E+04  0.4983E+02  0.0000E+00  0.0000E+00
     1     1     6    37      182  0.5210E+04  0.5177E+02  0.0000E+00  0.0000E+00
     1     1     6    38      182  0.5188E+04  0.5378E+02  0.0000E+00  0.0000E+00
     1     1     6    39      182  0.5166E+04  0.5587E+02  0.0000E+00  0.0000E+00
     1     1     6    40      182  0.5146E+04  0.5805E+02  0.0000E+00  0.0000E+00
     1     1     6    41      182  0.5126E+04  0.6031E+02  0.0000E+00  0.0000E+00
     1     1     6    42      182  0.5107E+04  0.6265E+02  0.0000E+00  0.0000E+00
     1     1     6    43      182  0.5089E+04  0.6509E+02  0.0000E+00  0.0000E+00
     1     1     6    44      182  0.5072E+04  0.6762E+02  0.0000E+00  0.0000E+00
     1     1     6    45      182  0.5056E+04  0.7025E+02  0.0000E+00  0.0000E+00
     1     1     6    46      182  0.5040E+04  0.7298E+02  0.0000E+00  0.0000E+00
     1     1     6    47      182  0.5025E+04  0.7582E+02  0.0000E+00  0.0000E+00
     1     1     6    48      182  0.5011E+04  0.7877E+02  0.0000E+00  0.0000E+00
     1     1     6    49      182  0.4997E+04  0.8184E+02  0.0000E+00  0.0000E+00
     1     1     6    50      182  0.4984E+04  0.8502E+02  0.0000E+00  0.0000E+00
     1     1     6    51      182  0.4971E+04  0.8833E+02  0.0000E+00  0.0000E+00
     1     1     6    52      182  0.4959E+04  0.9177E+02  0.0000E+00  0.0000E+00
     1     1     6    53      182  0.4948E+04  0.9534E+02  0.0000E+00  0.0000E+00
     1     1     6    54      182  0.4936E+04  0.9904E+02  0.0000E+00  0.0000E+00
     1     1     6    55      182  0.4926E+04  0.1000E+03  0.0000E+00  0.0000E+00
     1     1     6    56      182  0.4916E+04  0.1000E+03  0.0000E+00  0.0000E+00
     1     1     6    57      182  0.4906E+04  0.1000E+03  0.0000E+00  0.0000E+00
     1     1     6    58      182  0.4897E+04  0.1000E+03  0.0000E+00  0.0000E+00
     1     1     6    59      182  0.4888E+04  0.1000E+03  0.0000E+00  0.0000E+00
     1     1     6    60      182  0.4879E+04  0.1000E+03  0.0000E+00  0.0000E+00
